2015-06-05 08:46:39 Error: Fatal Error (4): syntax error, unexpected ';' in [C:\xampp\htdocs\data-pelangi\capforum\app\View\Layouts\default.ctp, line 98]
2015-06-05 08:46:39 Error: [FatalErrorException] syntax error, unexpected ';'
Request URL: /capforum/
Stack Trace:
#0 C:\xampp\htdocs\data-pelangi\capforum\lib\Cake\Error\ErrorHandler.php(213): ErrorHandler::handleFatalError(4, 'syntax error, u...', 'C:\\xampp\\htdocs...', 98)
#1 [internal function]: ErrorHandler::handleError(4, 'syntax error, u...', 'C:\\xampp\\htdocs...', 98, Array)
#2 C:\xampp\htdocs\data-pelangi\capforum\lib\Cake\Core\App.php(933): call_user_func('ErrorHandler::h...', 4, 'syntax error, u...', 'C:\\xampp\\htdocs...', 98, Array)
#3 C:\xampp\htdocs\data-pelangi\capforum\lib\Cake\Core\App.php(906): App::_checkFatalError()
#4 [internal function]: App::shutdown()
#5 {main}
2015-06-05 08:46:52 Error: Fatal Error (4): syntax error, unexpected '<' in [C:\xampp\htdocs\data-pelangi\capforum\app\View\Layouts\default.ctp, line 99]
2015-06-05 08:46:52 Error: [FatalErrorException] syntax error, unexpected '<'
Request URL: /capforum/
Stack Trace:
#0 C:\xampp\htdocs\data-pelangi\capforum\lib\Cake\Error\ErrorHandler.php(213): ErrorHandler::handleFatalError(4, 'syntax error, u...', 'C:\\xampp\\htdocs...', 99)
#1 [internal function]: ErrorHandler::handleError(4, 'syntax error, u...', 'C:\\xampp\\htdocs...', 99, Array)
#2 C:\xampp\htdocs\data-pelangi\capforum\lib\Cake\Core\App.php(933): call_user_func('ErrorHandler::h...', 4, 'syntax error, u...', 'C:\\xampp\\htdocs...', 99, Array)
#3 C:\xampp\htdocs\data-pelangi\capforum\lib\Cake\Core\App.php(906): App::_checkFatalError()
#4 [internal function]: App::shutdown()
#5 {main}
2015-06-05 09:37:59 Error: [MissingControllerException] Controller class TopicsController could not be found.
Exception Attributes: array (
  'class' => 'TopicsController',
  'plugin' => NULL,
)
Request URL: /cakerforum/topics/view/1
Stack Trace:
#0 C:\xampp\htdocs\data-pelangi\cakerforum\app\webroot\index.php(118): Dispatcher->dispatch(Object(CakeRequest), Object(CakeResponse))
#1 {main}
2015-06-05 09:54:35 Error: [PDOException] SQLSTATE[23505]: Unique violation: 7 ERROR:  duplicate key value violates unique constraint "topics_pkey"
DETAIL:  Key (id)=(1) already exists.
Request URL: /cakerforum/topics/add
Stack Trace:
#0 C:\xampp\htdocs\data-pelangi\cakerforum\lib\Cake\Model\Datasource\DboSource.php(460): PDOStatement->execute(Array)
#1 C:\xampp\htdocs\data-pelangi\cakerforum\lib\Cake\Model\Datasource\DboSource.php(426): DboSource->_execute('INSERT INTO "pu...', Array)
#2 C:\xampp\htdocs\data-pelangi\cakerforum\lib\Cake\Model\Datasource\DboSource.php(1012): DboSource->execute('INSERT INTO "pu...')
#3 C:\xampp\htdocs\data-pelangi\cakerforum\lib\Cake\Model\Model.php(1928): DboSource->create(Object(Topic), Array, Array)
#4 C:\xampp\htdocs\data-pelangi\cakerforum\lib\Cake\Model\Model.php(1751): Model->_doSave(Array, Array)
#5 C:\xampp\htdocs\data-pelangi\cakerforum\app\Controller\TopicsController.php(29): Model->save(Array)
#6 [internal function]: TopicsController->add()
#7 C:\xampp\htdocs\data-pelangi\cakerforum\lib\Cake\Controller\Controller.php(490): ReflectionMethod->invokeArgs(Object(TopicsController), Array)
#8 C:\xampp\htdocs\data-pelangi\cakerforum\lib\Cake\Routing\Dispatcher.php(193): Controller->invokeAction(Object(CakeRequest))
#9 C:\xampp\htdocs\data-pelangi\cakerforum\lib\Cake\Routing\Dispatcher.php(167): Dispatcher->_invoke(Object(TopicsController), Object(CakeRequest))
#10 C:\xampp\htdocs\data-pelangi\cakerforum\app\webroot\index.php(118): Dispatcher->dispatch(Object(CakeRequest), Object(CakeResponse))
#11 {main}
2015-06-05 09:55:05 Error: [NotFoundException] Invalid forum
Request URL: /cakerforum/topics
Stack Trace:
#0 [internal function]: TopicsController->index()
#1 C:\xampp\htdocs\data-pelangi\cakerforum\lib\Cake\Controller\Controller.php(490): ReflectionMethod->invokeArgs(Object(TopicsController), Array)
#2 C:\xampp\htdocs\data-pelangi\cakerforum\lib\Cake\Routing\Dispatcher.php(193): Controller->invokeAction(Object(CakeRequest))
#3 C:\xampp\htdocs\data-pelangi\cakerforum\lib\Cake\Routing\Dispatcher.php(167): Dispatcher->_invoke(Object(TopicsController), Object(CakeRequest))
#4 C:\xampp\htdocs\data-pelangi\cakerforum\app\webroot\index.php(118): Dispatcher->dispatch(Object(CakeRequest), Object(CakeResponse))
#5 {main}
2015-06-05 09:56:43 Error: [PDOException] SQLSTATE[23505]: Unique violation: 7 ERROR:  duplicate key value violates unique constraint "posts_pkey"
DETAIL:  Key (id)=(1) already exists.
Request URL: /cakerforum/posts/add/1
Stack Trace:
#0 C:\xampp\htdocs\data-pelangi\cakerforum\lib\Cake\Model\Datasource\DboSource.php(460): PDOStatement->execute(Array)
#1 C:\xampp\htdocs\data-pelangi\cakerforum\lib\Cake\Model\Datasource\DboSource.php(426): DboSource->_execute('INSERT INTO "pu...', Array)
#2 C:\xampp\htdocs\data-pelangi\cakerforum\lib\Cake\Model\Datasource\DboSource.php(1012): DboSource->execute('INSERT INTO "pu...')
#3 C:\xampp\htdocs\data-pelangi\cakerforum\lib\Cake\Model\Model.php(1928): DboSource->create(Object(Post), Array, Array)
#4 C:\xampp\htdocs\data-pelangi\cakerforum\lib\Cake\Model\Model.php(1751): Model->_doSave(Array, Array)
#5 C:\xampp\htdocs\data-pelangi\cakerforum\app\Controller\PostsController.php(10): Model->save(Array)
#6 [internal function]: PostsController->add('1')
#7 C:\xampp\htdocs\data-pelangi\cakerforum\lib\Cake\Controller\Controller.php(490): ReflectionMethod->invokeArgs(Object(PostsController), Array)
#8 C:\xampp\htdocs\data-pelangi\cakerforum\lib\Cake\Routing\Dispatcher.php(193): Controller->invokeAction(Object(CakeRequest))
#9 C:\xampp\htdocs\data-pelangi\cakerforum\lib\Cake\Routing\Dispatcher.php(167): Dispatcher->_invoke(Object(PostsController), Object(CakeRequest))
#10 C:\xampp\htdocs\data-pelangi\cakerforum\app\webroot\index.php(118): Dispatcher->dispatch(Object(CakeRequest), Object(CakeResponse))
#11 {main}
2015-06-05 09:57:08 Error: [MissingActionException] Action PostsController::index() could not be found.
Exception Attributes: array (
  'controller' => 'PostsController',
  'action' => 'index',
)
Request URL: /cakerforum/posts
Stack Trace:
#0 C:\xampp\htdocs\data-pelangi\cakerforum\lib\Cake\Routing\Dispatcher.php(193): Controller->invokeAction(Object(CakeRequest))
#1 C:\xampp\htdocs\data-pelangi\cakerforum\lib\Cake\Routing\Dispatcher.php(167): Dispatcher->_invoke(Object(PostsController), Object(CakeRequest))
#2 C:\xampp\htdocs\data-pelangi\cakerforum\app\webroot\index.php(118): Dispatcher->dispatch(Object(CakeRequest), Object(CakeResponse))
#3 {main}
2015-06-05 09:59:52 Error: Fatal Error (64): Cannot use [] for reading in [C:\xampp\htdocs\data-pelangi\cakerforum\app\View\Forums\index.ctp, line 29]
2015-06-05 09:59:52 Error: [FatalErrorException] Cannot use [] for reading
Request URL: /cakerforum/
Stack Trace:
#0 C:\xampp\htdocs\data-pelangi\cakerforum\lib\Cake\Error\ErrorHandler.php(213): ErrorHandler::handleFatalError(64, 'Cannot use [] f...', 'C:\\xampp\\htdocs...', 29)
#1 [internal function]: ErrorHandler::handleError(64, 'Cannot use [] f...', 'C:\\xampp\\htdocs...', 29, Array)
#2 C:\xampp\htdocs\data-pelangi\cakerforum\lib\Cake\Core\App.php(933): call_user_func('ErrorHandler::h...', 64, 'Cannot use [] f...', 'C:\\xampp\\htdocs...', 29, Array)
#3 C:\xampp\htdocs\data-pelangi\cakerforum\lib\Cake\Core\App.php(906): App::_checkFatalError()
#4 [internal function]: App::shutdown()
#5 {main}
2015-06-05 10:00:10 Error: Fatal Error (64): Cannot use [] for reading in [C:\xampp\htdocs\data-pelangi\cakerforum\app\View\Forums\index.ctp, line 29]
2015-06-05 10:00:10 Error: [FatalErrorException] Cannot use [] for reading
Request URL: /cakerforum/
Stack Trace:
#0 C:\xampp\htdocs\data-pelangi\cakerforum\lib\Cake\Error\ErrorHandler.php(213): ErrorHandler::handleFatalError(64, 'Cannot use [] f...', 'C:\\xampp\\htdocs...', 29)
#1 [internal function]: ErrorHandler::handleError(64, 'Cannot use [] f...', 'C:\\xampp\\htdocs...', 29, Array)
#2 C:\xampp\htdocs\data-pelangi\cakerforum\lib\Cake\Core\App.php(933): call_user_func('ErrorHandler::h...', 64, 'Cannot use [] f...', 'C:\\xampp\\htdocs...', 29, Array)
#3 C:\xampp\htdocs\data-pelangi\cakerforum\lib\Cake\Core\App.php(906): App::_checkFatalError()
#4 [internal function]: App::shutdown()
#5 {main}
2015-06-05 10:01:56 Error: [MissingActionException] Action UsersController::index() could not be found.
Exception Attributes: array (
  'controller' => 'UsersController',
  'action' => 'index',
)
Request URL: /cakerforum/users/
Stack Trace:
#0 C:\xampp\htdocs\data-pelangi\cakerforum\lib\Cake\Routing\Dispatcher.php(193): Controller->invokeAction(Object(CakeRequest))
#1 C:\xampp\htdocs\data-pelangi\cakerforum\lib\Cake\Routing\Dispatcher.php(167): Dispatcher->_invoke(Object(UsersController), Object(CakeRequest))
#2 C:\xampp\htdocs\data-pelangi\cakerforum\app\webroot\index.php(118): Dispatcher->dispatch(Object(CakeRequest), Object(CakeResponse))
#3 {main}
2015-08-17 22:57:07 Error: [MissingActionException] Action UsersController::index() could not be found.
Exception Attributes: array (
  'controller' => 'UsersController',
  'action' => 'index',
)
Request URL: /cakeforum/users/
Stack Trace:
#0 /var/www/cakephp/cakeforum/lib/Cake/Routing/Dispatcher.php(193): Controller->invokeAction(Object(CakeRequest))
#1 /var/www/cakephp/cakeforum/lib/Cake/Routing/Dispatcher.php(167): Dispatcher->_invoke(Object(UsersController), Object(CakeRequest))
#2 /var/www/cakephp/cakeforum/app/webroot/index.php(118): Dispatcher->dispatch(Object(CakeRequest), Object(CakeResponse))
#3 {main}
2015-10-03 22:28:05 Error: [MissingControllerException] Controller class JsController could not be found.
Exception Attributes: array (
  'class' => 'JsController',
  'plugin' => NULL,
)
Request URL: /cake-forum/js/jquery-1.10.2.min.map
Stack Trace:
#0 /var/www/cakephp/cake-forum/app/webroot/index.php(118): Dispatcher->dispatch(Object(CakeRequest), Object(CakeResponse))
#1 {main}
2015-10-03 22:28:10 Error: [MissingControllerException] Controller class UsersController could not be found.
Exception Attributes: array (
  'class' => 'UsersController',
  'plugin' => NULL,
)
Request URL: /cake-forum/users/logout
Stack Trace:
#0 /var/www/cakephp/cake-forum/app/webroot/index.php(118): Dispatcher->dispatch(Object(CakeRequest), Object(CakeResponse))
#1 {main}
2015-10-03 22:28:11 Error: [MissingControllerException] Controller class JsController could not be found.
Exception Attributes: array (
  'class' => 'JsController',
  'plugin' => NULL,
)
Request URL: /cake-forum/js/jquery-1.10.2.min.map
Stack Trace:
#0 /var/www/cakephp/cake-forum/app/webroot/index.php(118): Dispatcher->dispatch(Object(CakeRequest), Object(CakeResponse))
#1 {main}
2015-10-03 22:28:16 Error: [MissingControllerException] Controller class JsController could not be found.
Exception Attributes: array (
  'class' => 'JsController',
  'plugin' => NULL,
)
Request URL: /cake-forum/js/jquery-1.10.2.min.map
Stack Trace:
#0 /var/www/cakephp/cake-forum/app/webroot/index.php(118): Dispatcher->dispatch(Object(CakeRequest), Object(CakeResponse))
#1 {main}
2015-10-03 22:28:34 Error: [MissingControllerException] Controller class UsersController could not be found.
Exception Attributes: array (
  'class' => 'UsersController',
  'plugin' => NULL,
)
Request URL: /cake-forum/users/login
Stack Trace:
#0 /var/www/cakephp/cake-forum/app/webroot/index.php(118): Dispatcher->dispatch(Object(CakeRequest), Object(CakeResponse))
#1 {main}
2015-10-03 22:28:35 Error: [MissingControllerException] Controller class JsController could not be found.
Exception Attributes: array (
  'class' => 'JsController',
  'plugin' => NULL,
)
Request URL: /cake-forum/js/jquery-1.10.2.min.map
Stack Trace:
#0 /var/www/cakephp/cake-forum/app/webroot/index.php(118): Dispatcher->dispatch(Object(CakeRequest), Object(CakeResponse))
#1 {main}
2015-10-03 22:29:14 Error: [MissingControllerException] Controller class JsController could not be found.
Exception Attributes: array (
  'class' => 'JsController',
  'plugin' => NULL,
)
Request URL: /cake-forum/js/jquery-1.10.2.min.map
Stack Trace:
#0 /var/www/cakephp/cake-forum/app/webroot/index.php(118): Dispatcher->dispatch(Object(CakeRequest), Object(CakeResponse))
#1 {main}
2015-10-03 22:33:17 Error: [MissingControllerException] Controller class JsController could not be found.
Exception Attributes: array (
  'class' => 'JsController',
  'plugin' => NULL,
)
Request URL: /cake-forum/js/jquery-1.10.2.min.map
Stack Trace:
#0 /var/www/cakephp/cake-forum/app/webroot/index.php(118): Dispatcher->dispatch(Object(CakeRequest), Object(CakeResponse))
#1 {main}
2015-10-03 22:33:24 Error: [MissingActionException] Action ForumsController::http:() could not be found.
Exception Attributes: array (
  'controller' => 'ForumsController',
  'action' => 'http:',
)
Request URL: /cake-forum/forums/http:/www.github.com/umamscarlet/target:_blank
Stack Trace:
#0 /var/www/cakephp/cake-forum/lib/Cake/Routing/Dispatcher.php(193): Controller->invokeAction(Object(CakeRequest))
#1 /var/www/cakephp/cake-forum/lib/Cake/Routing/Dispatcher.php(167): Dispatcher->_invoke(Object(ForumsController), Object(CakeRequest))
#2 /var/www/cakephp/cake-forum/app/webroot/index.php(118): Dispatcher->dispatch(Object(CakeRequest), Object(CakeResponse))
#3 {main}
2015-10-03 22:33:25 Error: [MissingControllerException] Controller class JsController could not be found.
Exception Attributes: array (
  'class' => 'JsController',
  'plugin' => NULL,
)
Request URL: /cake-forum/js/jquery-1.10.2.min.map
Stack Trace:
#0 /var/www/cakephp/cake-forum/app/webroot/index.php(118): Dispatcher->dispatch(Object(CakeRequest), Object(CakeResponse))
#1 {main}
2015-10-03 22:34:14 Error: [MissingControllerException] Controller class JsController could not be found.
Exception Attributes: array (
  'class' => 'JsController',
  'plugin' => NULL,
)
Request URL: /cake-forum/js/jquery-1.10.2.min.map
Stack Trace:
#0 /var/www/cakephp/cake-forum/app/webroot/index.php(118): Dispatcher->dispatch(Object(CakeRequest), Object(CakeResponse))
#1 {main}
2015-10-03 22:34:16 Error: [MissingControllerException] Controller class JsController could not be found.
Exception Attributes: array (
  'class' => 'JsController',
  'plugin' => NULL,
)
Request URL: /cake-forum/js/jquery-1.10.2.min.map
Stack Trace:
#0 /var/www/cakephp/cake-forum/app/webroot/index.php(118): Dispatcher->dispatch(Object(CakeRequest), Object(CakeResponse))
#1 {main}
2015-10-03 22:34:18 Error: [MissingActionException] Action ForumsController::http:() could not be found.
Exception Attributes: array (
  'controller' => 'ForumsController',
  'action' => 'http:',
)
Request URL: /cake-forum/forums/http:/www.github.com/umamscarlet
Stack Trace:
#0 /var/www/cakephp/cake-forum/lib/Cake/Routing/Dispatcher.php(193): Controller->invokeAction(Object(CakeRequest))
#1 /var/www/cakephp/cake-forum/lib/Cake/Routing/Dispatcher.php(167): Dispatcher->_invoke(Object(ForumsController), Object(CakeRequest))
#2 /var/www/cakephp/cake-forum/app/webroot/index.php(118): Dispatcher->dispatch(Object(CakeRequest), Object(CakeResponse))
#3 {main}
2015-10-03 22:34:19 Error: [MissingControllerException] Controller class JsController could not be found.
Exception Attributes: array (
  'class' => 'JsController',
  'plugin' => NULL,
)
Request URL: /cake-forum/js/jquery-1.10.2.min.map
Stack Trace:
#0 /var/www/cakephp/cake-forum/app/webroot/index.php(118): Dispatcher->dispatch(Object(CakeRequest), Object(CakeResponse))
#1 {main}
2015-10-03 22:35:01 Error: [MissingControllerException] Controller class JsController could not be found.
Exception Attributes: array (
  'class' => 'JsController',
  'plugin' => NULL,
)
Request URL: /cake-forum/js/jquery-1.10.2.min.map
Stack Trace:
#0 /var/www/cakephp/cake-forum/app/webroot/index.php(118): Dispatcher->dispatch(Object(CakeRequest), Object(CakeResponse))
#1 {main}
2015-10-03 22:36:59 Error: [MissingControllerException] Controller class JsController could not be found.
Exception Attributes: array (
  'class' => 'JsController',
  'plugin' => NULL,
)
Request URL: /cake-forum/js/jquery-1.10.2.min.map
Stack Trace:
#0 /var/www/cakephp/cake-forum/app/webroot/index.php(118): Dispatcher->dispatch(Object(CakeRequest), Object(CakeResponse))
#1 {main}
2015-10-03 23:14:41 Error: [MissingControllerException] Controller class JsController could not be found.
Exception Attributes: array (
  'class' => 'JsController',
  'plugin' => NULL,
)
Request URL: /cake-forum/js/jquery-1.10.2.min.map
Stack Trace:
#0 /var/www/cakephp/cake-forum/app/webroot/index.php(118): Dispatcher->dispatch(Object(CakeRequest), Object(CakeResponse))
#1 {main}
2015-10-03 23:15:53 Error: [MissingControllerException] Controller class JsController could not be found.
Exception Attributes: array (
  'class' => 'JsController',
  'plugin' => NULL,
)
Request URL: /cake-forum/js/jquery-1.10.2.min.map
Stack Trace:
#0 /var/www/cakephp/cake-forum/app/webroot/index.php(118): Dispatcher->dispatch(Object(CakeRequest), Object(CakeResponse))
#1 {main}
2015-10-03 23:15:57 Error: [MissingControllerException] Controller class JsController could not be found.
Exception Attributes: array (
  'class' => 'JsController',
  'plugin' => NULL,
)
Request URL: /cake-forum/js/jquery-1.10.2.min.map
Stack Trace:
#0 /var/www/cakephp/cake-forum/app/webroot/index.php(118): Dispatcher->dispatch(Object(CakeRequest), Object(CakeResponse))
#1 {main}
2015-10-03 23:16:07 Error: [MissingControllerException] Controller class JsController could not be found.
Exception Attributes: array (
  'class' => 'JsController',
  'plugin' => NULL,
)
Request URL: /cake-forum/js/jquery-1.10.2.min.map
Stack Trace:
#0 /var/www/cakephp/cake-forum/app/webroot/index.php(118): Dispatcher->dispatch(Object(CakeRequest), Object(CakeResponse))
#1 {main}
2015-10-03 23:16:09 Error: Fatal Error (4): syntax error, unexpected 'public' (T_PUBLIC) in [/var/www/cakephp/cake-forum/app/Controller/UsersController.php, line 119]
2015-10-03 23:16:09 Error: [FatalErrorException] syntax error, unexpected 'public' (T_PUBLIC)
Request URL: /cake-forum/users/add
Stack Trace:
#0 /var/www/cakephp/cake-forum/lib/Cake/Error/ErrorHandler.php(213): ErrorHandler::handleFatalError(4, 'syntax error, u...', '/var/www/cakeph...', 119)
#1 [internal function]: ErrorHandler::handleError(4, 'syntax error, u...', '/var/www/cakeph...', 119, Array)
#2 /var/www/cakephp/cake-forum/lib/Cake/Core/App.php(933): call_user_func('ErrorHandler::h...', 4, 'syntax error, u...', '/var/www/cakeph...', 119, Array)
#3 /var/www/cakephp/cake-forum/lib/Cake/Core/App.php(906): App::_checkFatalError()
#4 [internal function]: App::shutdown()
#5 {main}
2015-10-03 23:16:10 Error: [MissingControllerException] Controller class JsController could not be found.
Exception Attributes: array (
  'class' => 'JsController',
  'plugin' => NULL,
)
Request URL: /cake-forum/js/jquery-1.10.2.min.map
Stack Trace:
#0 /var/www/cakephp/cake-forum/app/webroot/index.php(118): Dispatcher->dispatch(Object(CakeRequest), Object(CakeResponse))
#1 {main}
2015-10-03 23:16:56 Error: [MissingControllerException] Controller class JsController could not be found.
Exception Attributes: array (
  'class' => 'JsController',
  'plugin' => NULL,
)
Request URL: /cake-forum/js/jquery-1.10.2.min.map
Stack Trace:
#0 /var/www/cakephp/cake-forum/app/webroot/index.php(118): Dispatcher->dispatch(Object(CakeRequest), Object(CakeResponse))
#1 {main}
2015-10-03 23:21:37 Error: [MissingControllerException] Controller class JsController could not be found.
Exception Attributes: array (
  'class' => 'JsController',
  'plugin' => NULL,
)
Request URL: /cake-forum/js/jquery-1.10.2.min.map
Stack Trace:
#0 /var/www/cakephp/cake-forum/app/webroot/index.php(118): Dispatcher->dispatch(Object(CakeRequest), Object(CakeResponse))
#1 {main}
2015-10-03 23:21:42 Error: [MissingControllerException] Controller class JsController could not be found.
Exception Attributes: array (
  'class' => 'JsController',
  'plugin' => NULL,
)
Request URL: /cake-forum/js/jquery-1.10.2.min.map
Stack Trace:
#0 /var/www/cakephp/cake-forum/app/webroot/index.php(118): Dispatcher->dispatch(Object(CakeRequest), Object(CakeResponse))
#1 {main}
2015-10-03 23:21:57 Error: [MissingControllerException] Controller class JsController could not be found.
Exception Attributes: array (
  'class' => 'JsController',
  'plugin' => NULL,
)
Request URL: /cake-forum/js/jquery-1.10.2.min.map
Stack Trace:
#0 /var/www/cakephp/cake-forum/app/webroot/index.php(118): Dispatcher->dispatch(Object(CakeRequest), Object(CakeResponse))
#1 {main}
2015-10-03 23:22:02 Error: [MissingControllerException] Controller class JsController could not be found.
Exception Attributes: array (
  'class' => 'JsController',
  'plugin' => NULL,
)
Request URL: /cake-forum/js/jquery-1.10.2.min.map
Stack Trace:
#0 /var/www/cakephp/cake-forum/app/webroot/index.php(118): Dispatcher->dispatch(Object(CakeRequest), Object(CakeResponse))
#1 {main}
2015-10-03 23:22:38 Error: [MissingControllerException] Controller class JsController could not be found.
Exception Attributes: array (
  'class' => 'JsController',
  'plugin' => NULL,
)
Request URL: /cake-forum/js/jquery-1.10.2.min.map
Stack Trace:
#0 /var/www/cakephp/cake-forum/app/webroot/index.php(118): Dispatcher->dispatch(Object(CakeRequest), Object(CakeResponse))
#1 {main}
2015-10-03 23:56:27 Error: [MissingControllerException] Controller class JsController could not be found.
Exception Attributes: array (
  'class' => 'JsController',
  'plugin' => NULL,
)
Request URL: /cake-forum/js/jquery-1.10.2.min.map
Stack Trace:
#0 /var/www/cakephp/cake-forum/app/webroot/index.php(118): Dispatcher->dispatch(Object(CakeRequest), Object(CakeResponse))
#1 {main}
2015-10-03 23:56:35 Error: [MissingControllerException] Controller class JsController could not be found.
Exception Attributes: array (
  'class' => 'JsController',
  'plugin' => NULL,
)
Request URL: /cake-forum/js/jquery-1.10.2.min.map
Stack Trace:
#0 /var/www/cakephp/cake-forum/app/webroot/index.php(118): Dispatcher->dispatch(Object(CakeRequest), Object(CakeResponse))
#1 {main}
2015-10-03 23:56:48 Error: [MissingControllerException] Controller class JsController could not be found.
Exception Attributes: array (
  'class' => 'JsController',
  'plugin' => NULL,
)
Request URL: /cake-forum/js/jquery-1.10.2.min.map
Stack Trace:
#0 /var/www/cakephp/cake-forum/app/webroot/index.php(118): Dispatcher->dispatch(Object(CakeRequest), Object(CakeResponse))
#1 {main}
2015-10-04 00:00:11 Error: [MissingControllerException] Controller class JsController could not be found.
Exception Attributes: array (
  'class' => 'JsController',
  'plugin' => NULL,
)
Request URL: /cake-forum/js/jquery-1.10.2.min.map
Stack Trace:
#0 /var/www/cakephp/cake-forum/app/webroot/index.php(118): Dispatcher->dispatch(Object(CakeRequest), Object(CakeResponse))
#1 {main}
2015-10-04 00:00:21 Error: [MissingControllerException] Controller class JsController could not be found.
Exception Attributes: array (
  'class' => 'JsController',
  'plugin' => NULL,
)
Request URL: /cake-forum/js/jquery-1.10.2.min.map
Stack Trace:
#0 /var/www/cakephp/cake-forum/app/webroot/index.php(118): Dispatcher->dispatch(Object(CakeRequest), Object(CakeResponse))
#1 {main}
2015-10-04 00:00:42 Error: [MissingControllerException] Controller class JsController could not be found.
Exception Attributes: array (
  'class' => 'JsController',
  'plugin' => NULL,
)
Request URL: /cake-forum/js/jquery-1.10.2.min.map
Stack Trace:
#0 /var/www/cakephp/cake-forum/app/webroot/index.php(118): Dispatcher->dispatch(Object(CakeRequest), Object(CakeResponse))
#1 {main}
2015-10-04 00:05:51 Error: [NotFoundException] Invalid forum
Request URL: /cake-forum/topics
Stack Trace:
#0 [internal function]: TopicsController->index()
#1 /var/www/cakephp/cake-forum/lib/Cake/Controller/Controller.php(490): ReflectionMethod->invokeArgs(Object(TopicsController), Array)
#2 /var/www/cakephp/cake-forum/lib/Cake/Routing/Dispatcher.php(193): Controller->invokeAction(Object(CakeRequest))
#3 /var/www/cakephp/cake-forum/lib/Cake/Routing/Dispatcher.php(167): Dispatcher->_invoke(Object(TopicsController), Object(CakeRequest))
#4 /var/www/cakephp/cake-forum/app/webroot/index.php(118): Dispatcher->dispatch(Object(CakeRequest), Object(CakeResponse))
#5 {main}
2015-10-04 00:06:10 Error: [MissingActionException] Action ForumsController::add() could not be found.
Exception Attributes: array (
  'controller' => 'ForumsController',
  'action' => 'add',
)
Request URL: /cake-forum/forums/add
Stack Trace:
#0 /var/www/cakephp/cake-forum/lib/Cake/Routing/Dispatcher.php(193): Controller->invokeAction(Object(CakeRequest))
#1 /var/www/cakephp/cake-forum/lib/Cake/Routing/Dispatcher.php(167): Dispatcher->_invoke(Object(ForumsController), Object(CakeRequest))
#2 /var/www/cakephp/cake-forum/app/webroot/index.php(118): Dispatcher->dispatch(Object(CakeRequest), Object(CakeResponse))
#3 {main}
2015-10-04 00:06:25 Error: [MissingActionException] Action PostsController::index() could not be found.
Exception Attributes: array (
  'controller' => 'PostsController',
  'action' => 'index',
)
Request URL: /cake-forum/posts
Stack Trace:
#0 /var/www/cakephp/cake-forum/lib/Cake/Routing/Dispatcher.php(193): Controller->invokeAction(Object(CakeRequest))
#1 /var/www/cakephp/cake-forum/lib/Cake/Routing/Dispatcher.php(167): Dispatcher->_invoke(Object(PostsController), Object(CakeRequest))
#2 /var/www/cakephp/cake-forum/app/webroot/index.php(118): Dispatcher->dispatch(Object(CakeRequest), Object(CakeResponse))
#3 {main}
2015-10-04 00:11:59 Error: Fatal Error (1): Call to a member function error() on a non-object in [/var/www/cakephp/cake-forum/app/Controller/UsersController.php, line 149]
2015-10-04 00:11:59 Error: [FatalErrorException] Call to a member function error() on a non-object
Request URL: /cake-forum/users/login
Stack Trace:
#0 /var/www/cakephp/cake-forum/lib/Cake/Error/ErrorHandler.php(213): ErrorHandler::handleFatalError(1, 'Call to a membe...', '/var/www/cakeph...', 149)
#1 [internal function]: ErrorHandler::handleError(1, 'Call to a membe...', '/var/www/cakeph...', 149, Array)
#2 /var/www/cakephp/cake-forum/lib/Cake/Core/App.php(933): call_user_func('ErrorHandler::h...', 1, 'Call to a membe...', '/var/www/cakeph...', 149, Array)
#3 /var/www/cakephp/cake-forum/lib/Cake/Core/App.php(906): App::_checkFatalError()
#4 [internal function]: App::shutdown()
#5 {main}
2015-10-04 00:12:48 Error: [MissingComponentException] Component class FlashComponent could not be found.
Exception Attributes: array (
  'class' => 'FlashComponent',
  'plugin' => false,
)
Request URL: /cake-forum/users/login
Stack Trace:
#0 /var/www/cakephp/cake-forum/lib/Cake/Controller/ComponentCollection.php(53): ComponentCollection->load('Flash', Array)
#1 /var/www/cakephp/cake-forum/lib/Cake/Controller/Controller.php(643): ComponentCollection->init(Object(UsersController))
#2 /var/www/cakephp/cake-forum/lib/Cake/Routing/Dispatcher.php(188): Controller->constructClasses()
#3 /var/www/cakephp/cake-forum/lib/Cake/Routing/Dispatcher.php(167): Dispatcher->_invoke(Object(UsersController), Object(CakeRequest))
#4 /var/www/cakephp/cake-forum/app/webroot/index.php(118): Dispatcher->dispatch(Object(CakeRequest), Object(CakeResponse))
#5 {main}
2015-10-04 00:16:52 Error: [MissingControllerException] Controller class Cake-forumController could not be found.
Exception Attributes: array (
  'class' => 'Cake-forumController',
  'plugin' => NULL,
)
Request URL: /cake-forum/cake-forum/
Stack Trace:
#0 /var/www/cakephp/cake-forum/app/webroot/index.php(118): Dispatcher->dispatch(Object(CakeRequest), Object(CakeResponse))
#1 {main}
2015-10-04 00:18:07 Error: [MissingControllerException] Controller class Cake-forumController could not be found.
Exception Attributes: array (
  'class' => 'Cake-forumController',
  'plugin' => NULL,
)
Request URL: /cake-forum/cake-forum/
Stack Trace:
#0 /var/www/cakephp/cake-forum/app/webroot/index.php(118): Dispatcher->dispatch(Object(CakeRequest), Object(CakeResponse))
#1 {main}
2015-10-04 00:18:17 Error: [MissingControllerException] Controller class Cake-forumController could not be found.
Exception Attributes: array (
  'class' => 'Cake-forumController',
  'plugin' => NULL,
)
Request URL: /cake-forum/cake-forum/
Stack Trace:
#0 /var/www/cakephp/cake-forum/app/webroot/index.php(118): Dispatcher->dispatch(Object(CakeRequest), Object(CakeResponse))
#1 {main}
2015-10-04 00:20:43 Error: [MissingControllerException] Controller class Cake-forumController could not be found.
Exception Attributes: array (
  'class' => 'Cake-forumController',
  'plugin' => NULL,
)
Request URL: /cake-forum/cake-forum/
Stack Trace:
#0 /var/www/cakephp/cake-forum/app/webroot/index.php(118): Dispatcher->dispatch(Object(CakeRequest), Object(CakeResponse))
#1 {main}
2015-10-04 00:21:18 Error: [MissingControllerException] Controller class Cake-forumController could not be found.
Exception Attributes: array (
  'class' => 'Cake-forumController',
  'plugin' => NULL,
)
Request URL: /cake-forum/cake-forum/
Stack Trace:
#0 /var/www/cakephp/cake-forum/app/webroot/index.php(118): Dispatcher->dispatch(Object(CakeRequest), Object(CakeResponse))
#1 {main}
2015-10-04 00:23:53 Error: Fatal Error (4): syntax error, unexpected '$this' (T_VARIABLE) in [/var/www/cakephp/cake-forum/app/Controller/UsersController.php, line 154]
2015-10-04 00:23:53 Error: [FatalErrorException] syntax error, unexpected '$this' (T_VARIABLE)
Request URL: /cake-forum/users/logout
Stack Trace:
#0 /var/www/cakephp/cake-forum/lib/Cake/Error/ErrorHandler.php(213): ErrorHandler::handleFatalError(4, 'syntax error, u...', '/var/www/cakeph...', 154)
#1 [internal function]: ErrorHandler::handleError(4, 'syntax error, u...', '/var/www/cakeph...', 154, Array)
#2 /var/www/cakephp/cake-forum/lib/Cake/Core/App.php(933): call_user_func('ErrorHandler::h...', 4, 'syntax error, u...', '/var/www/cakeph...', 154, Array)
#3 /var/www/cakephp/cake-forum/lib/Cake/Core/App.php(906): App::_checkFatalError()
#4 [internal function]: App::shutdown()
#5 {main}
2015-10-04 00:24:12 Error: [MissingControllerException] Controller class Cake-forumController could not be found.
Exception Attributes: array (
  'class' => 'Cake-forumController',
  'plugin' => NULL,
)
Request URL: /cake-forum/cake-forum/
Stack Trace:
#0 /var/www/cakephp/cake-forum/app/webroot/index.php(118): Dispatcher->dispatch(Object(CakeRequest), Object(CakeResponse))
#1 {main}
2015-10-04 00:24:45 Error: [MissingControllerException] Controller class Cake-forumController could not be found.
Exception Attributes: array (
  'class' => 'Cake-forumController',
  'plugin' => NULL,
)
Request URL: /cake-forum/cake-forum/
Stack Trace:
#0 /var/www/cakephp/cake-forum/app/webroot/index.php(118): Dispatcher->dispatch(Object(CakeRequest), Object(CakeResponse))
#1 {main}
2015-10-04 00:24:50 Error: [MissingControllerException] Controller class Cake-forumController could not be found.
Exception Attributes: array (
  'class' => 'Cake-forumController',
  'plugin' => NULL,
)
Request URL: /cake-forum/cake-forum/
Stack Trace:
#0 /var/www/cakephp/cake-forum/app/webroot/index.php(118): Dispatcher->dispatch(Object(CakeRequest), Object(CakeResponse))
#1 {main}
2015-10-04 00:25:14 Error: [MissingControllerException] Controller class Cake-forumController could not be found.
Exception Attributes: array (
  'class' => 'Cake-forumController',
  'plugin' => NULL,
)
Request URL: /cake-forum/cake-forum/
Stack Trace:
#0 /var/www/cakephp/cake-forum/app/webroot/index.php(118): Dispatcher->dispatch(Object(CakeRequest), Object(CakeResponse))
#1 {main}
2015-10-04 00:25:52 Error: [MissingControllerException] Controller class Cake-forumController could not be found.
Exception Attributes: array (
  'class' => 'Cake-forumController',
  'plugin' => NULL,
)
Request URL: /cake-forum/cake-forum/
Stack Trace:
#0 /var/www/cakephp/cake-forum/app/webroot/index.php(118): Dispatcher->dispatch(Object(CakeRequest), Object(CakeResponse))
#1 {main}
2015-10-04 00:25:59 Error: [MissingControllerException] Controller class Users.logoutController could not be found.
Exception Attributes: array (
  'class' => 'Users.logoutController',
  'plugin' => NULL,
)
Request URL: /cake-forum/users.logout
Stack Trace:
#0 /var/www/cakephp/cake-forum/app/webroot/index.php(118): Dispatcher->dispatch(Object(CakeRequest), Object(CakeResponse))
#1 {main}
2015-10-04 00:26:13 Error: [MissingActionException] Action UsersController::profile() could not be found.
Exception Attributes: array (
  'controller' => 'UsersController',
  'action' => 'profile',
)
Request URL: /cake-forum/users/profile
Stack Trace:
#0 /var/www/cakephp/cake-forum/lib/Cake/Routing/Dispatcher.php(193): Controller->invokeAction(Object(CakeRequest))
#1 /var/www/cakephp/cake-forum/lib/Cake/Routing/Dispatcher.php(167): Dispatcher->_invoke(Object(UsersController), Object(CakeRequest))
#2 /var/www/cakephp/cake-forum/app/webroot/index.php(118): Dispatcher->dispatch(Object(CakeRequest), Object(CakeResponse))
#3 {main}
2015-10-04 00:26:17 Error: [MissingActionException] Action UsersController::profile() could not be found.
Exception Attributes: array (
  'controller' => 'UsersController',
  'action' => 'profile',
)
Request URL: /cake-forum/users/profile
Stack Trace:
#0 /var/www/cakephp/cake-forum/lib/Cake/Routing/Dispatcher.php(193): Controller->invokeAction(Object(CakeRequest))
#1 /var/www/cakephp/cake-forum/lib/Cake/Routing/Dispatcher.php(167): Dispatcher->_invoke(Object(UsersController), Object(CakeRequest))
#2 /var/www/cakephp/cake-forum/app/webroot/index.php(118): Dispatcher->dispatch(Object(CakeRequest), Object(CakeResponse))
#3 {main}
2015-10-04 00:26:32 Error: [MissingControllerException] Controller class Cake-forumController could not be found.
Exception Attributes: array (
  'class' => 'Cake-forumController',
  'plugin' => NULL,
)
Request URL: /cake-forum/cake-forum/
Stack Trace:
#0 /var/www/cakephp/cake-forum/app/webroot/index.php(118): Dispatcher->dispatch(Object(CakeRequest), Object(CakeResponse))
#1 {main}
2015-10-04 08:40:59 Error: [MissingActionException] Action UsersController::profile() could not be found.
Exception Attributes: array (
  'controller' => 'UsersController',
  'action' => 'profile',
)
Request URL: /cake-forum/users/profile/1
Stack Trace:
#0 /var/www/cakephp/cake-forum/lib/Cake/Routing/Dispatcher.php(193): Controller->invokeAction(Object(CakeRequest))
#1 /var/www/cakephp/cake-forum/lib/Cake/Routing/Dispatcher.php(167): Dispatcher->_invoke(Object(UsersController), Object(CakeRequest))
#2 /var/www/cakephp/cake-forum/app/webroot/index.php(118): Dispatcher->dispatch(Object(CakeRequest), Object(CakeResponse))
#3 {main}
2015-10-04 08:50:28 Error: Fatal Error (1): Call to undefined function sum() in [/var/www/cakephp/cake-forum/app/View/Forums/index.ctp, line 25]
2015-10-04 08:50:28 Error: [FatalErrorException] Call to undefined function sum()
Request URL: /cake-forum/
Stack Trace:
#0 /var/www/cakephp/cake-forum/lib/Cake/Error/ErrorHandler.php(213): ErrorHandler::handleFatalError(1, 'Call to undefin...', '/var/www/cakeph...', 25)
#1 [internal function]: ErrorHandler::handleError(1, 'Call to undefin...', '/var/www/cakeph...', 25, Array)
#2 /var/www/cakephp/cake-forum/lib/Cake/Core/App.php(933): call_user_func('ErrorHandler::h...', 1, 'Call to undefin...', '/var/www/cakeph...', 25, Array)
#3 /var/www/cakephp/cake-forum/lib/Cake/Core/App.php(906): App::_checkFatalError()
#4 [internal function]: App::shutdown()
#5 {main}
2015-10-04 08:50:31 Error: Fatal Error (1): Call to undefined function sum() in [/var/www/cakephp/cake-forum/app/View/Forums/index.ctp, line 25]
2015-10-04 08:50:31 Error: [FatalErrorException] Call to undefined function sum()
Request URL: /cake-forum/
Stack Trace:
#0 /var/www/cakephp/cake-forum/lib/Cake/Error/ErrorHandler.php(213): ErrorHandler::handleFatalError(1, 'Call to undefin...', '/var/www/cakeph...', 25)
#1 [internal function]: ErrorHandler::handleError(1, 'Call to undefin...', '/var/www/cakeph...', 25, Array)
#2 /var/www/cakephp/cake-forum/lib/Cake/Core/App.php(933): call_user_func('ErrorHandler::h...', 1, 'Call to undefin...', '/var/www/cakeph...', 25, Array)
#3 /var/www/cakephp/cake-forum/lib/Cake/Core/App.php(906): App::_checkFatalError()
#4 [internal function]: App::shutdown()
#5 {main}
2015-10-04 08:53:33 Error: Fatal Error (1): Call to undefined function sum() in [/var/www/cakephp/cake-forum/app/View/Forums/index.ctp, line 25]
2015-10-04 08:53:33 Error: [FatalErrorException] Call to undefined function sum()
Request URL: /cake-forum/
Stack Trace:
#0 /var/www/cakephp/cake-forum/lib/Cake/Error/ErrorHandler.php(213): ErrorHandler::handleFatalError(1, 'Call to undefin...', '/var/www/cakeph...', 25)
#1 [internal function]: ErrorHandler::handleError(1, 'Call to undefin...', '/var/www/cakeph...', 25, Array)
#2 /var/www/cakephp/cake-forum/lib/Cake/Core/App.php(933): call_user_func('ErrorHandler::h...', 1, 'Call to undefin...', '/var/www/cakeph...', 25, Array)
#3 /var/www/cakephp/cake-forum/lib/Cake/Core/App.php(906): App::_checkFatalError()
#4 [internal function]: App::shutdown()
#5 {main}
2015-10-04 11:04:42 Error: [MissingControllerException] Controller class JsController could not be found.
Exception Attributes: array (
  'class' => 'JsController',
  'plugin' => NULL,
)
Request URL: /cake-forum/js/jquery-1.10.2.min.map
Stack Trace:
#0 /var/www/cakephp/cake-forum/app/webroot/index.php(118): Dispatcher->dispatch(Object(CakeRequest), Object(CakeResponse))
#1 {main}
2015-10-04 11:04:46 Error: [MissingControllerException] Controller class JsController could not be found.
Exception Attributes: array (
  'class' => 'JsController',
  'plugin' => NULL,
)
Request URL: /cake-forum/js/jquery-1.10.2.min.map
Stack Trace:
#0 /var/www/cakephp/cake-forum/app/webroot/index.php(118): Dispatcher->dispatch(Object(CakeRequest), Object(CakeResponse))
#1 {main}
2015-10-04 11:06:01 Error: [MissingControllerException] Controller class JsController could not be found.
Exception Attributes: array (
  'class' => 'JsController',
  'plugin' => NULL,
)
Request URL: /cake-forum/js/jquery-1.10.2.min.map
Stack Trace:
#0 /var/www/cakephp/cake-forum/app/webroot/index.php(118): Dispatcher->dispatch(Object(CakeRequest), Object(CakeResponse))
#1 {main}
2015-10-04 11:07:08 Error: [MissingControllerException] Controller class JsController could not be found.
Exception Attributes: array (
  'class' => 'JsController',
  'plugin' => NULL,
)
Request URL: /cake-forum/js/jquery-1.10.2.min.map
Stack Trace:
#0 /var/www/cakephp/cake-forum/app/webroot/index.php(118): Dispatcher->dispatch(Object(CakeRequest), Object(CakeResponse))
#1 {main}
2015-10-04 11:07:15 Error: [MissingControllerException] Controller class JsController could not be found.
Exception Attributes: array (
  'class' => 'JsController',
  'plugin' => NULL,
)
Request URL: /cake-forum/js/jquery-1.10.2.min.map
Stack Trace:
#0 /var/www/cakephp/cake-forum/app/webroot/index.php(118): Dispatcher->dispatch(Object(CakeRequest), Object(CakeResponse))
#1 {main}
2015-10-04 11:07:57 Error: [MissingControllerException] Controller class JsController could not be found.
Exception Attributes: array (
  'class' => 'JsController',
  'plugin' => NULL,
)
Request URL: /cake-forum/js/jquery-1.10.2.min.map
Stack Trace:
#0 /var/www/cakephp/cake-forum/app/webroot/index.php(118): Dispatcher->dispatch(Object(CakeRequest), Object(CakeResponse))
#1 {main}
2015-10-04 11:09:16 Error: [MissingControllerException] Controller class JsController could not be found.
Exception Attributes: array (
  'class' => 'JsController',
  'plugin' => NULL,
)
Request URL: /cake-forum/js/jquery-1.10.2.min.map
Stack Trace:
#0 /var/www/cakephp/cake-forum/app/webroot/index.php(118): Dispatcher->dispatch(Object(CakeRequest), Object(CakeResponse))
#1 {main}
2015-10-04 11:11:40 Error: [MissingControllerException] Controller class JsController could not be found.
Exception Attributes: array (
  'class' => 'JsController',
  'plugin' => NULL,
)
Request URL: /cake-forum/js/jquery-1.10.2.min.map
Stack Trace:
#0 /var/www/cakephp/cake-forum/app/webroot/index.php(118): Dispatcher->dispatch(Object(CakeRequest), Object(CakeResponse))
#1 {main}
2015-10-04 11:12:45 Error: [MissingControllerException] Controller class JsController could not be found.
Exception Attributes: array (
  'class' => 'JsController',
  'plugin' => NULL,
)
Request URL: /cake-forum/js/jquery-1.10.2.min.map
Stack Trace:
#0 /var/www/cakephp/cake-forum/app/webroot/index.php(118): Dispatcher->dispatch(Object(CakeRequest), Object(CakeResponse))
#1 {main}
2015-10-04 11:12:53 Error: [MissingControllerException] Controller class JsController could not be found.
Exception Attributes: array (
  'class' => 'JsController',
  'plugin' => NULL,
)
Request URL: /cake-forum/js/jquery-1.10.2.min.map
Stack Trace:
#0 /var/www/cakephp/cake-forum/app/webroot/index.php(118): Dispatcher->dispatch(Object(CakeRequest), Object(CakeResponse))
#1 {main}
2015-10-04 11:14:27 Error: [MissingControllerException] Controller class JsController could not be found.
Exception Attributes: array (
  'class' => 'JsController',
  'plugin' => NULL,
)
Request URL: /cake-forum/js/jquery-1.10.2.min.map
Stack Trace:
#0 /var/www/cakephp/cake-forum/app/webroot/index.php(118): Dispatcher->dispatch(Object(CakeRequest), Object(CakeResponse))
#1 {main}
2015-10-04 11:14:43 Error: [MissingControllerException] Controller class JsController could not be found.
Exception Attributes: array (
  'class' => 'JsController',
  'plugin' => NULL,
)
Request URL: /cake-forum/js/jquery-1.10.2.min.map
Stack Trace:
#0 /var/www/cakephp/cake-forum/app/webroot/index.php(118): Dispatcher->dispatch(Object(CakeRequest), Object(CakeResponse))
#1 {main}
2015-10-04 11:14:48 Error: [MissingControllerException] Controller class JsController could not be found.
Exception Attributes: array (
  'class' => 'JsController',
  'plugin' => NULL,
)
Request URL: /cake-forum/js/jquery-1.10.2.min.map
Stack Trace:
#0 /var/www/cakephp/cake-forum/app/webroot/index.php(118): Dispatcher->dispatch(Object(CakeRequest), Object(CakeResponse))
#1 {main}
2015-10-04 11:14:52 Error: [MissingControllerException] Controller class JsController could not be found.
Exception Attributes: array (
  'class' => 'JsController',
  'plugin' => NULL,
)
Request URL: /cake-forum/js/jquery-1.10.2.min.map
Stack Trace:
#0 /var/www/cakephp/cake-forum/app/webroot/index.php(118): Dispatcher->dispatch(Object(CakeRequest), Object(CakeResponse))
#1 {main}
2015-10-04 11:15:01 Error: [MissingControllerException] Controller class JsController could not be found.
Exception Attributes: array (
  'class' => 'JsController',
  'plugin' => NULL,
)
Request URL: /cake-forum/js/jquery-1.10.2.min.map
Stack Trace:
#0 /var/www/cakephp/cake-forum/app/webroot/index.php(118): Dispatcher->dispatch(Object(CakeRequest), Object(CakeResponse))
#1 {main}
2015-10-04 11:15:42 Error: [MissingControllerException] Controller class JsController could not be found.
Exception Attributes: array (
  'class' => 'JsController',
  'plugin' => NULL,
)
Request URL: /cake-forum/js/jquery-1.10.2.min.map
Stack Trace:
#0 /var/www/cakephp/cake-forum/app/webroot/index.php(118): Dispatcher->dispatch(Object(CakeRequest), Object(CakeResponse))
#1 {main}
2015-10-04 11:16:00 Error: [MissingControllerException] Controller class JsController could not be found.
Exception Attributes: array (
  'class' => 'JsController',
  'plugin' => NULL,
)
Request URL: /cake-forum/js/jquery-1.10.2.min.map
Stack Trace:
#0 /var/www/cakephp/cake-forum/app/webroot/index.php(118): Dispatcher->dispatch(Object(CakeRequest), Object(CakeResponse))
#1 {main}
2015-10-04 11:16:13 Error: [MissingControllerException] Controller class JsController could not be found.
Exception Attributes: array (
  'class' => 'JsController',
  'plugin' => NULL,
)
Request URL: /cake-forum/js/jquery-1.10.2.min.map
Stack Trace:
#0 /var/www/cakephp/cake-forum/app/webroot/index.php(118): Dispatcher->dispatch(Object(CakeRequest), Object(CakeResponse))
#1 {main}
2015-10-04 11:16:17 Error: [MissingControllerException] Controller class JsController could not be found.
Exception Attributes: array (
  'class' => 'JsController',
  'plugin' => NULL,
)
Request URL: /cake-forum/js/jquery-1.10.2.min.map
Stack Trace:
#0 /var/www/cakephp/cake-forum/app/webroot/index.php(118): Dispatcher->dispatch(Object(CakeRequest), Object(CakeResponse))
#1 {main}
2015-10-04 11:19:13 Error: [MissingControllerException] Controller class JsController could not be found.
Exception Attributes: array (
  'class' => 'JsController',
  'plugin' => NULL,
)
Request URL: /cake-forum/js/jquery-1.10.2.min.map
Stack Trace:
#0 /var/www/cakephp/cake-forum/app/webroot/index.php(118): Dispatcher->dispatch(Object(CakeRequest), Object(CakeResponse))
#1 {main}
2015-10-04 11:19:35 Error: [MissingControllerException] Controller class JsController could not be found.
Exception Attributes: array (
  'class' => 'JsController',
  'plugin' => NULL,
)
Request URL: /cake-forum/js/jquery-1.10.2.min.map
Stack Trace:
#0 /var/www/cakephp/cake-forum/app/webroot/index.php(118): Dispatcher->dispatch(Object(CakeRequest), Object(CakeResponse))
#1 {main}
2015-10-04 11:21:16 Error: [MissingControllerException] Controller class JsController could not be found.
Exception Attributes: array (
  'class' => 'JsController',
  'plugin' => NULL,
)
Request URL: /cake-forum/js/jquery-1.10.2.min.map
Stack Trace:
#0 /var/www/cakephp/cake-forum/app/webroot/index.php(118): Dispatcher->dispatch(Object(CakeRequest), Object(CakeResponse))
#1 {main}
2015-10-04 11:24:58 Error: Fatal Error (4): syntax error, unexpected 'endif' (T_ENDIF) in [/var/www/cakephp/cake-forum/app/View/Elements/navigation.ctp, line 30]
2015-10-04 11:24:58 Error: [FatalErrorException] syntax error, unexpected 'endif' (T_ENDIF)
Request URL: /cake-forum/
Stack Trace:
#0 /var/www/cakephp/cake-forum/lib/Cake/Error/ErrorHandler.php(213): ErrorHandler::handleFatalError(4, 'syntax error, u...', '/var/www/cakeph...', 30)
#1 [internal function]: ErrorHandler::handleError(4, 'syntax error, u...', '/var/www/cakeph...', 30, Array)
#2 /var/www/cakephp/cake-forum/lib/Cake/Core/App.php(933): call_user_func('ErrorHandler::h...', 4, 'syntax error, u...', '/var/www/cakeph...', 30, Array)
#3 /var/www/cakephp/cake-forum/lib/Cake/Core/App.php(906): App::_checkFatalError()
#4 [internal function]: App::shutdown()
#5 {main}
2015-10-04 11:25:56 Error: [MissingControllerException] Controller class JsController could not be found.
Exception Attributes: array (
  'class' => 'JsController',
  'plugin' => NULL,
)
Request URL: /cake-forum/js/jquery-1.10.2.min.map
Stack Trace:
#0 /var/www/cakephp/cake-forum/app/webroot/index.php(118): Dispatcher->dispatch(Object(CakeRequest), Object(CakeResponse))
#1 {main}
2015-10-04 11:25:59 Error: [MissingControllerException] Controller class JsController could not be found.
Exception Attributes: array (
  'class' => 'JsController',
  'plugin' => NULL,
)
Request URL: /cake-forum/js/jquery-1.10.2.min.map
Stack Trace:
#0 /var/www/cakephp/cake-forum/app/webroot/index.php(118): Dispatcher->dispatch(Object(CakeRequest), Object(CakeResponse))
#1 {main}
2015-10-04 11:26:03 Error: [MissingControllerException] Controller class JsController could not be found.
Exception Attributes: array (
  'class' => 'JsController',
  'plugin' => NULL,
)
Request URL: /cake-forum/js/jquery-1.10.2.min.map
Stack Trace:
#0 /var/www/cakephp/cake-forum/app/webroot/index.php(118): Dispatcher->dispatch(Object(CakeRequest), Object(CakeResponse))
#1 {main}
2015-10-04 11:29:03 Error: [MissingControllerException] Controller class JsController could not be found.
Exception Attributes: array (
  'class' => 'JsController',
  'plugin' => NULL,
)
Request URL: /cake-forum/js/jquery-1.10.2.min.map
Stack Trace:
#0 /var/www/cakephp/cake-forum/app/webroot/index.php(118): Dispatcher->dispatch(Object(CakeRequest), Object(CakeResponse))
#1 {main}
2015-10-04 11:29:42 Error: [MissingControllerException] Controller class JsController could not be found.
Exception Attributes: array (
  'class' => 'JsController',
  'plugin' => NULL,
)
Request URL: /cake-forum/js/jquery-1.10.2.min.map
Stack Trace:
#0 /var/www/cakephp/cake-forum/app/webroot/index.php(118): Dispatcher->dispatch(Object(CakeRequest), Object(CakeResponse))
#1 {main}
2015-10-04 11:29:51 Error: [MissingControllerException] Controller class JsController could not be found.
Exception Attributes: array (
  'class' => 'JsController',
  'plugin' => NULL,
)
Request URL: /cake-forum/js/jquery-1.10.2.min.map
Stack Trace:
#0 /var/www/cakephp/cake-forum/app/webroot/index.php(118): Dispatcher->dispatch(Object(CakeRequest), Object(CakeResponse))
#1 {main}
2015-10-04 11:31:45 Error: [MissingControllerException] Controller class JsController could not be found.
Exception Attributes: array (
  'class' => 'JsController',
  'plugin' => NULL,
)
Request URL: /cake-forum/js/jquery-1.10.2.min.map
Stack Trace:
#0 /var/www/cakephp/cake-forum/app/webroot/index.php(118): Dispatcher->dispatch(Object(CakeRequest), Object(CakeResponse))
#1 {main}
2015-10-04 11:32:22 Error: [MissingControllerException] Controller class JsController could not be found.
Exception Attributes: array (
  'class' => 'JsController',
  'plugin' => NULL,
)
Request URL: /cake-forum/js/jquery-1.10.2.min.map
Stack Trace:
#0 /var/www/cakephp/cake-forum/app/webroot/index.php(118): Dispatcher->dispatch(Object(CakeRequest), Object(CakeResponse))
#1 {main}
2015-10-04 11:32:43 Error: [MissingControllerException] Controller class JsController could not be found.
Exception Attributes: array (
  'class' => 'JsController',
  'plugin' => NULL,
)
Request URL: /cake-forum/js/jquery-1.10.2.min.map
Stack Trace:
#0 /var/www/cakephp/cake-forum/app/webroot/index.php(118): Dispatcher->dispatch(Object(CakeRequest), Object(CakeResponse))
#1 {main}
2015-10-04 11:32:59 Error: [MissingControllerException] Controller class JsController could not be found.
Exception Attributes: array (
  'class' => 'JsController',
  'plugin' => NULL,
)
Request URL: /cake-forum/js/jquery-1.10.2.min.map
Stack Trace:
#0 /var/www/cakephp/cake-forum/app/webroot/index.php(118): Dispatcher->dispatch(Object(CakeRequest), Object(CakeResponse))
#1 {main}
2015-10-04 11:33:51 Error: [MissingControllerException] Controller class JsController could not be found.
Exception Attributes: array (
  'class' => 'JsController',
  'plugin' => NULL,
)
Request URL: /cake-forum/js/jquery-1.10.2.min.map
Stack Trace:
#0 /var/www/cakephp/cake-forum/app/webroot/index.php(118): Dispatcher->dispatch(Object(CakeRequest), Object(CakeResponse))
#1 {main}
2015-10-04 11:35:00 Error: [MissingControllerException] Controller class JsController could not be found.
Exception Attributes: array (
  'class' => 'JsController',
  'plugin' => NULL,
)
Request URL: /cake-forum/js/jquery-1.10.2.min.map
Stack Trace:
#0 /var/www/cakephp/cake-forum/app/webroot/index.php(118): Dispatcher->dispatch(Object(CakeRequest), Object(CakeResponse))
#1 {main}
2015-10-04 11:35:44 Error: [MissingControllerException] Controller class JsController could not be found.
Exception Attributes: array (
  'class' => 'JsController',
  'plugin' => NULL,
)
Request URL: /cake-forum/js/jquery-1.10.2.min.map
Stack Trace:
#0 /var/www/cakephp/cake-forum/app/webroot/index.php(118): Dispatcher->dispatch(Object(CakeRequest), Object(CakeResponse))
#1 {main}
2015-10-04 11:35:48 Error: [MissingControllerException] Controller class JsController could not be found.
Exception Attributes: array (
  'class' => 'JsController',
  'plugin' => NULL,
)
Request URL: /cake-forum/js/jquery-1.10.2.min.map
Stack Trace:
#0 /var/www/cakephp/cake-forum/app/webroot/index.php(118): Dispatcher->dispatch(Object(CakeRequest), Object(CakeResponse))
#1 {main}
2015-10-04 11:38:01 Error: [MissingControllerException] Controller class JsController could not be found.
Exception Attributes: array (
  'class' => 'JsController',
  'plugin' => NULL,
)
Request URL: /cake-forum/js/jquery-1.10.2.min.map
Stack Trace:
#0 /var/www/cakephp/cake-forum/app/webroot/index.php(118): Dispatcher->dispatch(Object(CakeRequest), Object(CakeResponse))
#1 {main}
2015-10-04 11:39:06 Error: [MissingControllerException] Controller class JsController could not be found.
Exception Attributes: array (
  'class' => 'JsController',
  'plugin' => NULL,
)
Request URL: /cake-forum/js/jquery-1.10.2.min.map
Stack Trace:
#0 /var/www/cakephp/cake-forum/app/webroot/index.php(118): Dispatcher->dispatch(Object(CakeRequest), Object(CakeResponse))
#1 {main}
2015-10-04 11:39:10 Error: [MissingControllerException] Controller class JsController could not be found.
Exception Attributes: array (
  'class' => 'JsController',
  'plugin' => NULL,
)
Request URL: /cake-forum/js/jquery-1.10.2.min.map
Stack Trace:
#0 /var/www/cakephp/cake-forum/app/webroot/index.php(118): Dispatcher->dispatch(Object(CakeRequest), Object(CakeResponse))
#1 {main}
2015-10-04 11:39:21 Error: [MissingControllerException] Controller class JsController could not be found.
Exception Attributes: array (
  'class' => 'JsController',
  'plugin' => NULL,
)
Request URL: /cake-forum/js/jquery-1.10.2.min.map
Stack Trace:
#0 /var/www/cakephp/cake-forum/app/webroot/index.php(118): Dispatcher->dispatch(Object(CakeRequest), Object(CakeResponse))
#1 {main}
2015-10-04 11:39:43 Error: [MissingControllerException] Controller class JsController could not be found.
Exception Attributes: array (
  'class' => 'JsController',
  'plugin' => NULL,
)
Request URL: /cake-forum/js/jquery-1.10.2.min.map
Stack Trace:
#0 /var/www/cakephp/cake-forum/app/webroot/index.php(118): Dispatcher->dispatch(Object(CakeRequest), Object(CakeResponse))
#1 {main}
2015-10-04 11:39:59 Error: [MissingControllerException] Controller class JsController could not be found.
Exception Attributes: array (
  'class' => 'JsController',
  'plugin' => NULL,
)
Request URL: /cake-forum/js/jquery-1.10.2.min.map
Stack Trace:
#0 /var/www/cakephp/cake-forum/app/webroot/index.php(118): Dispatcher->dispatch(Object(CakeRequest), Object(CakeResponse))
#1 {main}
2015-10-04 11:41:22 Error: [MissingControllerException] Controller class JsController could not be found.
Exception Attributes: array (
  'class' => 'JsController',
  'plugin' => NULL,
)
Request URL: /cake-forum/js/jquery-1.10.2.min.map
Stack Trace:
#0 /var/www/cakephp/cake-forum/app/webroot/index.php(118): Dispatcher->dispatch(Object(CakeRequest), Object(CakeResponse))
#1 {main}
2015-10-04 11:42:23 Error: [MissingControllerException] Controller class JsController could not be found.
Exception Attributes: array (
  'class' => 'JsController',
  'plugin' => NULL,
)
Request URL: /cake-forum/js/jquery-1.10.2.min.map
Stack Trace:
#0 /var/www/cakephp/cake-forum/app/webroot/index.php(118): Dispatcher->dispatch(Object(CakeRequest), Object(CakeResponse))
#1 {main}
2015-10-04 11:43:06 Error: [MissingActionException] Action UsersController::profile() could not be found.
Exception Attributes: array (
  'controller' => 'UsersController',
  'action' => 'profile',
)
Request URL: /cake-forum/users/profile/1
Stack Trace:
#0 /var/www/cakephp/cake-forum/lib/Cake/Routing/Dispatcher.php(193): Controller->invokeAction(Object(CakeRequest))
#1 /var/www/cakephp/cake-forum/lib/Cake/Routing/Dispatcher.php(167): Dispatcher->_invoke(Object(UsersController), Object(CakeRequest))
#2 /var/www/cakephp/cake-forum/app/webroot/index.php(118): Dispatcher->dispatch(Object(CakeRequest), Object(CakeResponse))
#3 {main}
2015-10-04 11:43:07 Error: [MissingControllerException] Controller class JsController could not be found.
Exception Attributes: array (
  'class' => 'JsController',
  'plugin' => NULL,
)
Request URL: /cake-forum/js/jquery-1.10.2.min.map
Stack Trace:
#0 /var/www/cakephp/cake-forum/app/webroot/index.php(118): Dispatcher->dispatch(Object(CakeRequest), Object(CakeResponse))
#1 {main}
2015-10-04 11:43:12 Error: [MissingControllerException] Controller class JsController could not be found.
Exception Attributes: array (
  'class' => 'JsController',
  'plugin' => NULL,
)
Request URL: /cake-forum/js/jquery-1.10.2.min.map
Stack Trace:
#0 /var/www/cakephp/cake-forum/app/webroot/index.php(118): Dispatcher->dispatch(Object(CakeRequest), Object(CakeResponse))
#1 {main}
2015-10-04 11:43:34 Error: [MissingControllerException] Controller class JsController could not be found.
Exception Attributes: array (
  'class' => 'JsController',
  'plugin' => NULL,
)
Request URL: /cake-forum/js/jquery-1.10.2.min.map
Stack Trace:
#0 /var/www/cakephp/cake-forum/app/webroot/index.php(118): Dispatcher->dispatch(Object(CakeRequest), Object(CakeResponse))
#1 {main}
2015-10-04 11:46:22 Error: [MissingControllerException] Controller class JsController could not be found.
Exception Attributes: array (
  'class' => 'JsController',
  'plugin' => NULL,
)
Request URL: /cake-forum/js/jquery-1.10.2.min.map
Stack Trace:
#0 /var/www/cakephp/cake-forum/app/webroot/index.php(118): Dispatcher->dispatch(Object(CakeRequest), Object(CakeResponse))
#1 {main}
2015-10-04 11:49:45 Error: [MissingControllerException] Controller class JsController could not be found.
Exception Attributes: array (
  'class' => 'JsController',
  'plugin' => NULL,
)
Request URL: /cake-forum/js/jquery-1.10.2.min.map
Stack Trace:
#0 /var/www/cakephp/cake-forum/app/webroot/index.php(118): Dispatcher->dispatch(Object(CakeRequest), Object(CakeResponse))
#1 {main}
2015-10-04 11:49:58 Error: Fatal Error (1): Call to a member function url() on a non-object in [/var/www/cakephp/cake-forum/app/View/Layouts/default.ctp, line 84]
2015-10-04 11:49:58 Error: [FatalErrorException] Call to a member function url() on a non-object
Request URL: /cake-forum/
Stack Trace:
#0 /var/www/cakephp/cake-forum/lib/Cake/Error/ErrorHandler.php(213): ErrorHandler::handleFatalError(1, 'Call to a membe...', '/var/www/cakeph...', 84)
#1 [internal function]: ErrorHandler::handleError(1, 'Call to a membe...', '/var/www/cakeph...', 84, Array)
#2 /var/www/cakephp/cake-forum/lib/Cake/Core/App.php(933): call_user_func('ErrorHandler::h...', 1, 'Call to a membe...', '/var/www/cakeph...', 84, Array)
#3 /var/www/cakephp/cake-forum/lib/Cake/Core/App.php(906): App::_checkFatalError()
#4 [internal function]: App::shutdown()
#5 {main}
2015-10-04 11:50:00 Error: [MissingControllerException] Controller class JsController could not be found.
Exception Attributes: array (
  'class' => 'JsController',
  'plugin' => NULL,
)
Request URL: /cake-forum/js/jquery-1.10.2.min.map
Stack Trace:
#0 /var/www/cakephp/cake-forum/app/webroot/index.php(118): Dispatcher->dispatch(Object(CakeRequest), Object(CakeResponse))
#1 {main}
2015-10-04 11:50:00 Error: Fatal Error (1): Call to a member function url() on a non-object in [/var/www/cakephp/cake-forum/app/View/Layouts/default.ctp, line 84]
2015-10-04 11:50:00 Error: [FatalErrorException] Call to a member function url() on a non-object
Request URL: /cake-forum/js/jquery-1.10.2.min.map
Stack Trace:
#0 /var/www/cakephp/cake-forum/lib/Cake/Error/ErrorHandler.php(213): ErrorHandler::handleFatalError(1, 'Call to a membe...', '/var/www/cakeph...', 84)
#1 [internal function]: ErrorHandler::handleError(1, 'Call to a membe...', '/var/www/cakeph...', 84, Array)
#2 /var/www/cakephp/cake-forum/lib/Cake/Core/App.php(933): call_user_func('ErrorHandler::h...', 1, 'Call to a membe...', '/var/www/cakeph...', 84, Array)
#3 /var/www/cakephp/cake-forum/lib/Cake/Core/App.php(906): App::_checkFatalError()
#4 [internal function]: App::shutdown()
#5 {main}
2015-10-04 11:50:27 Error: [MissingControllerException] Controller class JsController could not be found.
Exception Attributes: array (
  'class' => 'JsController',
  'plugin' => NULL,
)
Request URL: /cake-forum/js/jquery-1.10.2.min.map
Stack Trace:
#0 /var/www/cakephp/cake-forum/app/webroot/index.php(118): Dispatcher->dispatch(Object(CakeRequest), Object(CakeResponse))
#1 {main}
2015-10-04 11:50:43 Error: [MissingControllerException] Controller class JsController could not be found.
Exception Attributes: array (
  'class' => 'JsController',
  'plugin' => NULL,
)
Request URL: /cake-forum/js/jquery-1.10.2.min.map
Stack Trace:
#0 /var/www/cakephp/cake-forum/app/webroot/index.php(118): Dispatcher->dispatch(Object(CakeRequest), Object(CakeResponse))
#1 {main}
2015-10-04 11:52:06 Error: [MissingControllerException] Controller class JsController could not be found.
Exception Attributes: array (
  'class' => 'JsController',
  'plugin' => NULL,
)
Request URL: /cake-forum/js/jquery-1.10.2.min.map
Stack Trace:
#0 /var/www/cakephp/cake-forum/app/webroot/index.php(118): Dispatcher->dispatch(Object(CakeRequest), Object(CakeResponse))
#1 {main}
2015-10-04 11:53:55 Error: [MissingControllerException] Controller class JsController could not be found.
Exception Attributes: array (
  'class' => 'JsController',
  'plugin' => NULL,
)
Request URL: /cake-forum/js/jquery-1.10.2.min.map
Stack Trace:
#0 /var/www/cakephp/cake-forum/app/webroot/index.php(118): Dispatcher->dispatch(Object(CakeRequest), Object(CakeResponse))
#1 {main}
2015-10-04 11:54:00 Error: [MissingControllerException] Controller class JsController could not be found.
Exception Attributes: array (
  'class' => 'JsController',
  'plugin' => NULL,
)
Request URL: /cake-forum/js/jquery-1.10.2.min.map
Stack Trace:
#0 /var/www/cakephp/cake-forum/app/webroot/index.php(118): Dispatcher->dispatch(Object(CakeRequest), Object(CakeResponse))
#1 {main}
2015-10-04 11:58:28 Error: [MissingControllerException] Controller class JsController could not be found.
Exception Attributes: array (
  'class' => 'JsController',
  'plugin' => NULL,
)
Request URL: /cake-forum/js/jquery-1.10.2.min.map
Stack Trace:
#0 /var/www/cakephp/cake-forum/app/webroot/index.php(118): Dispatcher->dispatch(Object(CakeRequest), Object(CakeResponse))
#1 {main}
2015-10-04 12:00:13 Error: [MissingControllerException] Controller class JsController could not be found.
Exception Attributes: array (
  'class' => 'JsController',
  'plugin' => NULL,
)
Request URL: /cake-forum/js/jquery-1.10.2.min.map
Stack Trace:
#0 /var/www/cakephp/cake-forum/app/webroot/index.php(118): Dispatcher->dispatch(Object(CakeRequest), Object(CakeResponse))
#1 {main}
2015-10-04 12:00:18 Error: [MissingControllerException] Controller class JsController could not be found.
Exception Attributes: array (
  'class' => 'JsController',
  'plugin' => NULL,
)
Request URL: /cake-forum/js/jquery-1.10.2.min.map
Stack Trace:
#0 /var/www/cakephp/cake-forum/app/webroot/index.php(118): Dispatcher->dispatch(Object(CakeRequest), Object(CakeResponse))
#1 {main}
2015-10-04 12:00:34 Error: [MissingControllerException] Controller class JsController could not be found.
Exception Attributes: array (
  'class' => 'JsController',
  'plugin' => NULL,
)
Request URL: /cake-forum/js/jquery-1.10.2.min.map
Stack Trace:
#0 /var/www/cakephp/cake-forum/app/webroot/index.php(118): Dispatcher->dispatch(Object(CakeRequest), Object(CakeResponse))
#1 {main}
2015-10-07 19:41:31 Error: [NotFoundException] Invalid forum
Request URL: /cake-forum/topics
Stack Trace:
#0 [internal function]: TopicsController->index()
#1 /var/www/cakephp/cake-forum/lib/Cake/Controller/Controller.php(490): ReflectionMethod->invokeArgs(Object(TopicsController), Array)
#2 /var/www/cakephp/cake-forum/lib/Cake/Routing/Dispatcher.php(193): Controller->invokeAction(Object(CakeRequest))
#3 /var/www/cakephp/cake-forum/lib/Cake/Routing/Dispatcher.php(167): Dispatcher->_invoke(Object(TopicsController), Object(CakeRequest))
#4 /var/www/cakephp/cake-forum/app/webroot/index.php(118): Dispatcher->dispatch(Object(CakeRequest), Object(CakeResponse))
#5 {main}
2015-10-07 20:23:58 Error: [PDOException] SQLSTATE[42601]: Syntax error: 7 ERROR:  syntax error at or near "$"
LINE 1: ...c"."user_id" = "User"."id")  WHERE "Topic"."id" = $forumId  ...
                                                             ^
Request URL: /cake-forum/topics/index/1
Stack Trace:
#0 /var/www/cakephp/cake-forum/lib/Cake/Model/Datasource/DboSource.php(460): PDOStatement->execute(Array)
#1 /var/www/cakephp/cake-forum/lib/Cake/Model/Datasource/DboSource.php(426): DboSource->_execute('SELECT "Topic"....', Array)
#2 /var/www/cakephp/cake-forum/lib/Cake/Model/Datasource/DboSource.php(668): DboSource->execute('SELECT "Topic"....', Array, Array)
#3 /var/www/cakephp/cake-forum/lib/Cake/Model/Datasource/DboSource.php(1106): DboSource->fetchAll('SELECT "Topic"....', false)
#4 /var/www/cakephp/cake-forum/lib/Cake/Model/Model.php(3022): DboSource->read(Object(Topic), Array)
#5 /var/www/cakephp/cake-forum/lib/Cake/Model/Model.php(2994): Model->_readDataSource('all', Array)
#6 /var/www/cakephp/cake-forum/lib/Cake/Controller/Component/PaginatorComponent.php(196): Model->find('all', Array)
#7 /var/www/cakephp/cake-forum/app/Controller/TopicsController.php(23): PaginatorComponent->paginate()
#8 [internal function]: TopicsController->index('1')
#9 /var/www/cakephp/cake-forum/lib/Cake/Controller/Controller.php(490): ReflectionMethod->invokeArgs(Object(TopicsController), Array)
#10 /var/www/cakephp/cake-forum/lib/Cake/Routing/Dispatcher.php(193): Controller->invokeAction(Object(CakeRequest))
#11 /var/www/cakephp/cake-forum/lib/Cake/Routing/Dispatcher.php(167): Dispatcher->_invoke(Object(TopicsController), Object(CakeRequest))
#12 /var/www/cakephp/cake-forum/app/webroot/index.php(118): Dispatcher->dispatch(Object(CakeRequest), Object(CakeResponse))
#13 {main}
2015-10-07 21:24:23 Error: [MissingControllerException] Controller class ImgController could not be found.
Exception Attributes: array (
  'class' => 'ImgController',
  'plugin' => NULL,
)
Request URL: /cake-forum/img/img/cake.icon
Stack Trace:
#0 /var/www/cakephp/cake-forum/app/webroot/index.php(118): Dispatcher->dispatch(Object(CakeRequest), Object(CakeResponse))
#1 {main}
2015-10-07 22:05:05 Error: Fatal Error (4): syntax error, unexpected 'array' (T_ARRAY) in [/var/www/cakephp/cake-forum/app/View/Elements/navigation.ctp, line 51]
2015-10-07 22:05:05 Error: [FatalErrorException] syntax error, unexpected 'array' (T_ARRAY)
Request URL: /cake-forum/
Stack Trace:
#0 /var/www/cakephp/cake-forum/lib/Cake/Error/ErrorHandler.php(213): ErrorHandler::handleFatalError(4, 'syntax error, u...', '/var/www/cakeph...', 51)
#1 [internal function]: ErrorHandler::handleError(4, 'syntax error, u...', '/var/www/cakeph...', 51, Array)
#2 /var/www/cakephp/cake-forum/lib/Cake/Core/App.php(933): call_user_func('ErrorHandler::h...', 4, 'syntax error, u...', '/var/www/cakeph...', 51, Array)
#3 /var/www/cakephp/cake-forum/lib/Cake/Core/App.php(906): App::_checkFatalError()
#4 [internal function]: App::shutdown()
#5 {main}
2015-10-07 22:29:33 Error: [MissingControllerException] Controller class JsController could not be found.
Exception Attributes: array (
  'class' => 'JsController',
  'plugin' => NULL,
)
Request URL: /cake-forum/js/jquery-1.10.2.min.map
Stack Trace:
#0 /var/www/cakephp/cake-forum/app/webroot/index.php(118): Dispatcher->dispatch(Object(CakeRequest), Object(CakeResponse))
#1 {main}
2015-10-07 22:29:57 Error: [MissingControllerException] Controller class JsController could not be found.
Exception Attributes: array (
  'class' => 'JsController',
  'plugin' => NULL,
)
Request URL: /cake-forum/js/jquery-1.10.2.min.map
Stack Trace:
#0 /var/www/cakephp/cake-forum/app/webroot/index.php(118): Dispatcher->dispatch(Object(CakeRequest), Object(CakeResponse))
#1 {main}
2015-10-07 22:34:39 Error: [MissingControllerException] Controller class JsController could not be found.
Exception Attributes: array (
  'class' => 'JsController',
  'plugin' => NULL,
)
Request URL: /cake-forum/js/jquery-1.10.2.min.map
Stack Trace:
#0 /var/www/cakephp/cake-forum/app/webroot/index.php(118): Dispatcher->dispatch(Object(CakeRequest), Object(CakeResponse))
#1 {main}
2015-10-07 22:35:07 Error: [MissingControllerException] Controller class JsController could not be found.
Exception Attributes: array (
  'class' => 'JsController',
  'plugin' => NULL,
)
Request URL: /cake-forum/js/jquery-1.10.2.min.map
Stack Trace:
#0 /var/www/cakephp/cake-forum/app/webroot/index.php(118): Dispatcher->dispatch(Object(CakeRequest), Object(CakeResponse))
#1 {main}
2015-10-07 22:36:31 Error: [MissingControllerException] Controller class JsController could not be found.
Exception Attributes: array (
  'class' => 'JsController',
  'plugin' => NULL,
)
Request URL: /cake-forum/js/jquery-1.10.2.min.map
Stack Trace:
#0 /var/www/cakephp/cake-forum/app/webroot/index.php(118): Dispatcher->dispatch(Object(CakeRequest), Object(CakeResponse))
#1 {main}
2015-10-07 22:37:10 Error: [MissingControllerException] Controller class JsController could not be found.
Exception Attributes: array (
  'class' => 'JsController',
  'plugin' => NULL,
)
Request URL: /cake-forum/js/jquery-1.10.2.min.map
Stack Trace:
#0 /var/www/cakephp/cake-forum/app/webroot/index.php(118): Dispatcher->dispatch(Object(CakeRequest), Object(CakeResponse))
#1 {main}
2015-10-07 22:37:17 Error: [MissingControllerException] Controller class JsController could not be found.
Exception Attributes: array (
  'class' => 'JsController',
  'plugin' => NULL,
)
Request URL: /cake-forum/js/jquery-1.10.2.min.map
Stack Trace:
#0 /var/www/cakephp/cake-forum/app/webroot/index.php(118): Dispatcher->dispatch(Object(CakeRequest), Object(CakeResponse))
#1 {main}
2015-10-07 22:37:32 Error: [MissingControllerException] Controller class JsController could not be found.
Exception Attributes: array (
  'class' => 'JsController',
  'plugin' => NULL,
)
Request URL: /cake-forum/js/jquery-1.10.2.min.map
Stack Trace:
#0 /var/www/cakephp/cake-forum/app/webroot/index.php(118): Dispatcher->dispatch(Object(CakeRequest), Object(CakeResponse))
#1 {main}
2015-10-07 22:38:35 Error: [MissingControllerException] Controller class JsController could not be found.
Exception Attributes: array (
  'class' => 'JsController',
  'plugin' => NULL,
)
Request URL: /cake-forum/js/jquery-1.10.2.min.map
Stack Trace:
#0 /var/www/cakephp/cake-forum/app/webroot/index.php(118): Dispatcher->dispatch(Object(CakeRequest), Object(CakeResponse))
#1 {main}
2015-10-07 22:39:35 Error: [MissingControllerException] Controller class JsController could not be found.
Exception Attributes: array (
  'class' => 'JsController',
  'plugin' => NULL,
)
Request URL: /cake-forum/js/jquery-1.10.2.min.map
Stack Trace:
#0 /var/www/cakephp/cake-forum/app/webroot/index.php(118): Dispatcher->dispatch(Object(CakeRequest), Object(CakeResponse))
#1 {main}
2015-10-07 22:43:42 Error: [MissingControllerException] Controller class JsController could not be found.
Exception Attributes: array (
  'class' => 'JsController',
  'plugin' => NULL,
)
Request URL: /cake-forum/js/jquery-1.10.2.min.map
Stack Trace:
#0 /var/www/cakephp/cake-forum/app/webroot/index.php(118): Dispatcher->dispatch(Object(CakeRequest), Object(CakeResponse))
#1 {main}
2015-10-07 22:44:20 Error: [MissingControllerException] Controller class JsController could not be found.
Exception Attributes: array (
  'class' => 'JsController',
  'plugin' => NULL,
)
Request URL: /cake-forum/js/jquery-1.10.2.min.map
Stack Trace:
#0 /var/www/cakephp/cake-forum/app/webroot/index.php(118): Dispatcher->dispatch(Object(CakeRequest), Object(CakeResponse))
#1 {main}
2015-10-07 22:44:36 Error: [MissingControllerException] Controller class JsController could not be found.
Exception Attributes: array (
  'class' => 'JsController',
  'plugin' => NULL,
)
Request URL: /cake-forum/js/jquery-1.10.2.min.map
Stack Trace:
#0 /var/www/cakephp/cake-forum/app/webroot/index.php(118): Dispatcher->dispatch(Object(CakeRequest), Object(CakeResponse))
#1 {main}
2015-10-07 22:44:50 Error: [MissingControllerException] Controller class JsController could not be found.
Exception Attributes: array (
  'class' => 'JsController',
  'plugin' => NULL,
)
Request URL: /cake-forum/js/jquery-1.10.2.min.map
Stack Trace:
#0 /var/www/cakephp/cake-forum/app/webroot/index.php(118): Dispatcher->dispatch(Object(CakeRequest), Object(CakeResponse))
#1 {main}
2015-10-07 22:45:20 Error: [MissingControllerException] Controller class JsController could not be found.
Exception Attributes: array (
  'class' => 'JsController',
  'plugin' => NULL,
)
Request URL: /cake-forum/js/jquery-1.10.2.min.map
Stack Trace:
#0 /var/www/cakephp/cake-forum/app/webroot/index.php(118): Dispatcher->dispatch(Object(CakeRequest), Object(CakeResponse))
#1 {main}
2015-10-07 22:45:35 Error: [MissingControllerException] Controller class JsController could not be found.
Exception Attributes: array (
  'class' => 'JsController',
  'plugin' => NULL,
)
Request URL: /cake-forum/js/jquery-1.10.2.min.map
Stack Trace:
#0 /var/www/cakephp/cake-forum/app/webroot/index.php(118): Dispatcher->dispatch(Object(CakeRequest), Object(CakeResponse))
#1 {main}
2015-10-07 22:45:43 Error: [MissingControllerException] Controller class JsController could not be found.
Exception Attributes: array (
  'class' => 'JsController',
  'plugin' => NULL,
)
Request URL: /cake-forum/js/jquery-1.10.2.min.map
Stack Trace:
#0 /var/www/cakephp/cake-forum/app/webroot/index.php(118): Dispatcher->dispatch(Object(CakeRequest), Object(CakeResponse))
#1 {main}
2015-10-07 22:48:06 Error: [MissingControllerException] Controller class JsController could not be found.
Exception Attributes: array (
  'class' => 'JsController',
  'plugin' => NULL,
)
Request URL: /cake-forum/js/jquery-1.10.2.min.map
Stack Trace:
#0 /var/www/cakephp/cake-forum/app/webroot/index.php(118): Dispatcher->dispatch(Object(CakeRequest), Object(CakeResponse))
#1 {main}
2015-10-07 23:52:02 Error: [MissingControllerException] Controller class JsController could not be found.
Exception Attributes: array (
  'class' => 'JsController',
  'plugin' => NULL,
)
Request URL: /cake-forum/js/jquery-1.10.2.min.map
Stack Trace:
#0 /var/www/cakephp/cake-forum/app/webroot/index.php(118): Dispatcher->dispatch(Object(CakeRequest), Object(CakeResponse))
#1 {main}
2015-10-07 23:57:23 Error: Fatal Error (4): syntax error, unexpected '?>' in [/var/www/cakephp/cake-forum/app/View/Elements/navigation.ctp, line 38]
2015-10-07 23:57:23 Error: [FatalErrorException] syntax error, unexpected '?>'
Request URL: /cake-forum/
Stack Trace:
#0 /var/www/cakephp/cake-forum/lib/Cake/Error/ErrorHandler.php(213): ErrorHandler::handleFatalError(4, 'syntax error, u...', '/var/www/cakeph...', 38)
#1 [internal function]: ErrorHandler::handleError(4, 'syntax error, u...', '/var/www/cakeph...', 38, Array)
#2 /var/www/cakephp/cake-forum/lib/Cake/Core/App.php(933): call_user_func('ErrorHandler::h...', 4, 'syntax error, u...', '/var/www/cakeph...', 38, Array)
#3 /var/www/cakephp/cake-forum/lib/Cake/Core/App.php(906): App::_checkFatalError()
#4 [internal function]: App::shutdown()
#5 {main}
2015-10-07 23:57:43 Error: [MissingControllerException] Controller class JsController could not be found.
Exception Attributes: array (
  'class' => 'JsController',
  'plugin' => NULL,
)
Request URL: /cake-forum/js/jquery-1.10.2.min.map
Stack Trace:
#0 /var/www/cakephp/cake-forum/app/webroot/index.php(118): Dispatcher->dispatch(Object(CakeRequest), Object(CakeResponse))
#1 {main}
2015-10-07 23:57:54 Error: [MissingControllerException] Controller class JsController could not be found.
Exception Attributes: array (
  'class' => 'JsController',
  'plugin' => NULL,
)
Request URL: /cake-forum/js/jquery-1.10.2.min.map
Stack Trace:
#0 /var/www/cakephp/cake-forum/app/webroot/index.php(118): Dispatcher->dispatch(Object(CakeRequest), Object(CakeResponse))
#1 {main}
2015-10-07 23:58:24 Error: [MissingControllerException] Controller class JsController could not be found.
Exception Attributes: array (
  'class' => 'JsController',
  'plugin' => NULL,
)
Request URL: /cake-forum/js/jquery-1.10.2.min.map
Stack Trace:
#0 /var/www/cakephp/cake-forum/app/webroot/index.php(118): Dispatcher->dispatch(Object(CakeRequest), Object(CakeResponse))
#1 {main}
2015-10-07 23:59:11 Error: [MissingControllerException] Controller class JsController could not be found.
Exception Attributes: array (
  'class' => 'JsController',
  'plugin' => NULL,
)
Request URL: /cake-forum/js/jquery-1.10.2.min.map
Stack Trace:
#0 /var/www/cakephp/cake-forum/app/webroot/index.php(118): Dispatcher->dispatch(Object(CakeRequest), Object(CakeResponse))
#1 {main}
2015-10-07 23:59:44 Error: [MissingControllerException] Controller class JsController could not be found.
Exception Attributes: array (
  'class' => 'JsController',
  'plugin' => NULL,
)
Request URL: /cake-forum/js/jquery-1.10.2.min.map
Stack Trace:
#0 /var/www/cakephp/cake-forum/app/webroot/index.php(118): Dispatcher->dispatch(Object(CakeRequest), Object(CakeResponse))
#1 {main}
2015-10-08 00:02:53 Error: [MissingControllerException] Controller class JsController could not be found.
Exception Attributes: array (
  'class' => 'JsController',
  'plugin' => NULL,
)
Request URL: /cake-forum/js/jquery-1.10.2.min.map
Stack Trace:
#0 /var/www/cakephp/cake-forum/app/webroot/index.php(118): Dispatcher->dispatch(Object(CakeRequest), Object(CakeResponse))
#1 {main}
2015-10-08 00:03:53 Error: [MissingControllerException] Controller class JsController could not be found.
Exception Attributes: array (
  'class' => 'JsController',
  'plugin' => NULL,
)
Request URL: /cake-forum/js/jquery-1.10.2.min.map
Stack Trace:
#0 /var/www/cakephp/cake-forum/app/webroot/index.php(118): Dispatcher->dispatch(Object(CakeRequest), Object(CakeResponse))
#1 {main}
2015-10-08 00:12:47 Error: [MissingControllerException] Controller class JsController could not be found.
Exception Attributes: array (
  'class' => 'JsController',
  'plugin' => NULL,
)
Request URL: /cake-forum/js/jquery-1.10.2.min.map
Stack Trace:
#0 /var/www/cakephp/cake-forum/app/webroot/index.php(118): Dispatcher->dispatch(Object(CakeRequest), Object(CakeResponse))
#1 {main}
2015-10-08 00:13:42 Error: [MissingControllerException] Controller class JsController could not be found.
Exception Attributes: array (
  'class' => 'JsController',
  'plugin' => NULL,
)
Request URL: /cake-forum/js/jquery-1.10.2.min.map
Stack Trace:
#0 /var/www/cakephp/cake-forum/app/webroot/index.php(118): Dispatcher->dispatch(Object(CakeRequest), Object(CakeResponse))
#1 {main}
2015-10-08 00:14:29 Error: [MissingControllerException] Controller class JsController could not be found.
Exception Attributes: array (
  'class' => 'JsController',
  'plugin' => NULL,
)
Request URL: /cake-forum/js/jquery-1.10.2.min.map
Stack Trace:
#0 /var/www/cakephp/cake-forum/app/webroot/index.php(118): Dispatcher->dispatch(Object(CakeRequest), Object(CakeResponse))
#1 {main}
2015-10-08 00:15:19 Error: [MissingControllerException] Controller class JsController could not be found.
Exception Attributes: array (
  'class' => 'JsController',
  'plugin' => NULL,
)
Request URL: /cake-forum/js/jquery-1.10.2.min.map
Stack Trace:
#0 /var/www/cakephp/cake-forum/app/webroot/index.php(118): Dispatcher->dispatch(Object(CakeRequest), Object(CakeResponse))
#1 {main}
2015-10-08 00:15:26 Error: [MissingControllerException] Controller class JsController could not be found.
Exception Attributes: array (
  'class' => 'JsController',
  'plugin' => NULL,
)
Request URL: /cake-forum/js/jquery-1.10.2.min.map
Stack Trace:
#0 /var/www/cakephp/cake-forum/app/webroot/index.php(118): Dispatcher->dispatch(Object(CakeRequest), Object(CakeResponse))
#1 {main}
2015-10-08 00:17:20 Error: [MissingControllerException] Controller class JsController could not be found.
Exception Attributes: array (
  'class' => 'JsController',
  'plugin' => NULL,
)
Request URL: /cake-forum/js/jquery-1.10.2.min.map
Stack Trace:
#0 /var/www/cakephp/cake-forum/app/webroot/index.php(118): Dispatcher->dispatch(Object(CakeRequest), Object(CakeResponse))
#1 {main}
2015-10-08 00:17:54 Error: [MissingControllerException] Controller class JsController could not be found.
Exception Attributes: array (
  'class' => 'JsController',
  'plugin' => NULL,
)
Request URL: /cake-forum/js/jquery-1.10.2.min.map
Stack Trace:
#0 /var/www/cakephp/cake-forum/app/webroot/index.php(118): Dispatcher->dispatch(Object(CakeRequest), Object(CakeResponse))
#1 {main}
2015-10-08 00:18:40 Error: [MissingControllerException] Controller class JsController could not be found.
Exception Attributes: array (
  'class' => 'JsController',
  'plugin' => NULL,
)
Request URL: /cake-forum/js/jquery-1.10.2.min.map
Stack Trace:
#0 /var/www/cakephp/cake-forum/app/webroot/index.php(118): Dispatcher->dispatch(Object(CakeRequest), Object(CakeResponse))
#1 {main}
2015-10-08 00:25:38 Error: [MissingControllerException] Controller class JsController could not be found.
Exception Attributes: array (
  'class' => 'JsController',
  'plugin' => NULL,
)
Request URL: /cake-forum/js/jquery-1.10.2.min.map
Stack Trace:
#0 /var/www/cakephp/cake-forum/app/webroot/index.php(118): Dispatcher->dispatch(Object(CakeRequest), Object(CakeResponse))
#1 {main}
2015-10-08 00:26:19 Error: [MissingControllerException] Controller class JsController could not be found.
Exception Attributes: array (
  'class' => 'JsController',
  'plugin' => NULL,
)
Request URL: /cake-forum/js/jquery-1.10.2.min.map
Stack Trace:
#0 /var/www/cakephp/cake-forum/app/webroot/index.php(118): Dispatcher->dispatch(Object(CakeRequest), Object(CakeResponse))
#1 {main}
2015-10-08 00:27:34 Error: [MissingControllerException] Controller class JsController could not be found.
Exception Attributes: array (
  'class' => 'JsController',
  'plugin' => NULL,
)
Request URL: /cake-forum/js/jquery-1.10.2.min.map
Stack Trace:
#0 /var/www/cakephp/cake-forum/app/webroot/index.php(118): Dispatcher->dispatch(Object(CakeRequest), Object(CakeResponse))
#1 {main}
2015-10-08 00:28:13 Error: [MissingControllerException] Controller class JsController could not be found.
Exception Attributes: array (
  'class' => 'JsController',
  'plugin' => NULL,
)
Request URL: /cake-forum/js/jquery-1.10.2.min.map
Stack Trace:
#0 /var/www/cakephp/cake-forum/app/webroot/index.php(118): Dispatcher->dispatch(Object(CakeRequest), Object(CakeResponse))
#1 {main}
2015-10-08 00:28:54 Error: [MissingControllerException] Controller class JsController could not be found.
Exception Attributes: array (
  'class' => 'JsController',
  'plugin' => NULL,
)
Request URL: /cake-forum/js/jquery-1.10.2.min.map
Stack Trace:
#0 /var/www/cakephp/cake-forum/app/webroot/index.php(118): Dispatcher->dispatch(Object(CakeRequest), Object(CakeResponse))
#1 {main}
2015-10-08 00:29:10 Error: [MissingControllerException] Controller class JsController could not be found.
Exception Attributes: array (
  'class' => 'JsController',
  'plugin' => NULL,
)
Request URL: /cake-forum/js/jquery-1.10.2.min.map
Stack Trace:
#0 /var/www/cakephp/cake-forum/app/webroot/index.php(118): Dispatcher->dispatch(Object(CakeRequest), Object(CakeResponse))
#1 {main}
2015-10-08 00:30:02 Error: [MissingControllerException] Controller class JsController could not be found.
Exception Attributes: array (
  'class' => 'JsController',
  'plugin' => NULL,
)
Request URL: /cake-forum/js/jquery-1.10.2.min.map
Stack Trace:
#0 /var/www/cakephp/cake-forum/app/webroot/index.php(118): Dispatcher->dispatch(Object(CakeRequest), Object(CakeResponse))
#1 {main}
2015-10-08 00:30:25 Error: [MissingControllerException] Controller class JsController could not be found.
Exception Attributes: array (
  'class' => 'JsController',
  'plugin' => NULL,
)
Request URL: /cake-forum/js/jquery-1.10.2.min.map
Stack Trace:
#0 /var/www/cakephp/cake-forum/app/webroot/index.php(118): Dispatcher->dispatch(Object(CakeRequest), Object(CakeResponse))
#1 {main}
2015-10-08 00:30:46 Error: [MissingControllerException] Controller class JsController could not be found.
Exception Attributes: array (
  'class' => 'JsController',
  'plugin' => NULL,
)
Request URL: /cake-forum/js/jquery-1.10.2.min.map
Stack Trace:
#0 /var/www/cakephp/cake-forum/app/webroot/index.php(118): Dispatcher->dispatch(Object(CakeRequest), Object(CakeResponse))
#1 {main}
2015-10-08 00:31:02 Error: [MissingControllerException] Controller class JsController could not be found.
Exception Attributes: array (
  'class' => 'JsController',
  'plugin' => NULL,
)
Request URL: /cake-forum/js/jquery-1.10.2.min.map
Stack Trace:
#0 /var/www/cakephp/cake-forum/app/webroot/index.php(118): Dispatcher->dispatch(Object(CakeRequest), Object(CakeResponse))
#1 {main}
2015-10-08 00:31:20 Error: [MissingControllerException] Controller class JsController could not be found.
Exception Attributes: array (
  'class' => 'JsController',
  'plugin' => NULL,
)
Request URL: /cake-forum/js/jquery-1.10.2.min.map
Stack Trace:
#0 /var/www/cakephp/cake-forum/app/webroot/index.php(118): Dispatcher->dispatch(Object(CakeRequest), Object(CakeResponse))
#1 {main}
2015-10-08 00:31:34 Error: [MissingControllerException] Controller class JsController could not be found.
Exception Attributes: array (
  'class' => 'JsController',
  'plugin' => NULL,
)
Request URL: /cake-forum/js/jquery-1.10.2.min.map
Stack Trace:
#0 /var/www/cakephp/cake-forum/app/webroot/index.php(118): Dispatcher->dispatch(Object(CakeRequest), Object(CakeResponse))
#1 {main}
2015-10-08 00:32:13 Error: [MissingControllerException] Controller class JsController could not be found.
Exception Attributes: array (
  'class' => 'JsController',
  'plugin' => NULL,
)
Request URL: /cake-forum/js/jquery-1.10.2.min.map
Stack Trace:
#0 /var/www/cakephp/cake-forum/app/webroot/index.php(118): Dispatcher->dispatch(Object(CakeRequest), Object(CakeResponse))
#1 {main}
2015-10-08 00:32:30 Error: Fatal Error (4): syntax error, unexpected ')' in [/var/www/cakephp/cake-forum/app/View/Users/login.ctp, line 61]
2015-10-08 00:32:30 Error: [FatalErrorException] syntax error, unexpected ')'
Request URL: /cake-forum/users/login
Stack Trace:
#0 /var/www/cakephp/cake-forum/lib/Cake/Error/ErrorHandler.php(213): ErrorHandler::handleFatalError(4, 'syntax error, u...', '/var/www/cakeph...', 61)
#1 [internal function]: ErrorHandler::handleError(4, 'syntax error, u...', '/var/www/cakeph...', 61, Array)
#2 /var/www/cakephp/cake-forum/lib/Cake/Core/App.php(933): call_user_func('ErrorHandler::h...', 4, 'syntax error, u...', '/var/www/cakeph...', 61, Array)
#3 /var/www/cakephp/cake-forum/lib/Cake/Core/App.php(906): App::_checkFatalError()
#4 [internal function]: App::shutdown()
#5 {main}
2015-10-08 00:32:33 Error: [MissingControllerException] Controller class JsController could not be found.
Exception Attributes: array (
  'class' => 'JsController',
  'plugin' => NULL,
)
Request URL: /cake-forum/js/jquery-1.10.2.min.map
Stack Trace:
#0 /var/www/cakephp/cake-forum/app/webroot/index.php(118): Dispatcher->dispatch(Object(CakeRequest), Object(CakeResponse))
#1 {main}
2015-10-08 00:32:48 Error: [MissingControllerException] Controller class JsController could not be found.
Exception Attributes: array (
  'class' => 'JsController',
  'plugin' => NULL,
)
Request URL: /cake-forum/js/jquery-1.10.2.min.map
Stack Trace:
#0 /var/www/cakephp/cake-forum/app/webroot/index.php(118): Dispatcher->dispatch(Object(CakeRequest), Object(CakeResponse))
#1 {main}
2015-10-08 00:33:28 Error: [MissingControllerException] Controller class JsController could not be found.
Exception Attributes: array (
  'class' => 'JsController',
  'plugin' => NULL,
)
Request URL: /cake-forum/js/jquery-1.10.2.min.map
Stack Trace:
#0 /var/www/cakephp/cake-forum/app/webroot/index.php(118): Dispatcher->dispatch(Object(CakeRequest), Object(CakeResponse))
#1 {main}
2015-10-08 00:34:01 Error: [MissingControllerException] Controller class JsController could not be found.
Exception Attributes: array (
  'class' => 'JsController',
  'plugin' => NULL,
)
Request URL: /cake-forum/js/jquery-1.10.2.min.map
Stack Trace:
#0 /var/www/cakephp/cake-forum/app/webroot/index.php(118): Dispatcher->dispatch(Object(CakeRequest), Object(CakeResponse))
#1 {main}
2015-10-08 00:34:18 Error: [MissingControllerException] Controller class JsController could not be found.
Exception Attributes: array (
  'class' => 'JsController',
  'plugin' => NULL,
)
Request URL: /cake-forum/js/jquery-1.10.2.min.map
Stack Trace:
#0 /var/www/cakephp/cake-forum/app/webroot/index.php(118): Dispatcher->dispatch(Object(CakeRequest), Object(CakeResponse))
#1 {main}
2015-10-08 00:34:57 Error: [MissingControllerException] Controller class JsController could not be found.
Exception Attributes: array (
  'class' => 'JsController',
  'plugin' => NULL,
)
Request URL: /cake-forum/js/jquery-1.10.2.min.map
Stack Trace:
#0 /var/www/cakephp/cake-forum/app/webroot/index.php(118): Dispatcher->dispatch(Object(CakeRequest), Object(CakeResponse))
#1 {main}
2015-10-08 00:35:20 Error: [MissingControllerException] Controller class JsController could not be found.
Exception Attributes: array (
  'class' => 'JsController',
  'plugin' => NULL,
)
Request URL: /cake-forum/js/jquery-1.10.2.min.map
Stack Trace:
#0 /var/www/cakephp/cake-forum/app/webroot/index.php(118): Dispatcher->dispatch(Object(CakeRequest), Object(CakeResponse))
#1 {main}
2015-10-08 00:37:30 Error: [MissingControllerException] Controller class JsController could not be found.
Exception Attributes: array (
  'class' => 'JsController',
  'plugin' => NULL,
)
Request URL: /cake-forum/js/jquery-1.10.2.min.map
Stack Trace:
#0 /var/www/cakephp/cake-forum/app/webroot/index.php(118): Dispatcher->dispatch(Object(CakeRequest), Object(CakeResponse))
#1 {main}
2015-10-08 00:38:05 Error: [MissingControllerException] Controller class JsController could not be found.
Exception Attributes: array (
  'class' => 'JsController',
  'plugin' => NULL,
)
Request URL: /cake-forum/js/jquery-1.10.2.min.map
Stack Trace:
#0 /var/www/cakephp/cake-forum/app/webroot/index.php(118): Dispatcher->dispatch(Object(CakeRequest), Object(CakeResponse))
#1 {main}
2015-10-08 00:39:35 Error: [MissingControllerException] Controller class JsController could not be found.
Exception Attributes: array (
  'class' => 'JsController',
  'plugin' => NULL,
)
Request URL: /cake-forum/js/jquery-1.10.2.min.map
Stack Trace:
#0 /var/www/cakephp/cake-forum/app/webroot/index.php(118): Dispatcher->dispatch(Object(CakeRequest), Object(CakeResponse))
#1 {main}
2015-10-08 00:39:54 Error: [MissingControllerException] Controller class JsController could not be found.
Exception Attributes: array (
  'class' => 'JsController',
  'plugin' => NULL,
)
Request URL: /cake-forum/js/jquery-1.10.2.min.map
Stack Trace:
#0 /var/www/cakephp/cake-forum/app/webroot/index.php(118): Dispatcher->dispatch(Object(CakeRequest), Object(CakeResponse))
#1 {main}
2015-10-08 00:40:08 Error: [MissingControllerException] Controller class JsController could not be found.
Exception Attributes: array (
  'class' => 'JsController',
  'plugin' => NULL,
)
Request URL: /cake-forum/js/jquery-1.10.2.min.map
Stack Trace:
#0 /var/www/cakephp/cake-forum/app/webroot/index.php(118): Dispatcher->dispatch(Object(CakeRequest), Object(CakeResponse))
#1 {main}
2015-10-08 00:40:26 Error: [MissingControllerException] Controller class JsController could not be found.
Exception Attributes: array (
  'class' => 'JsController',
  'plugin' => NULL,
)
Request URL: /cake-forum/js/jquery-1.10.2.min.map
Stack Trace:
#0 /var/www/cakephp/cake-forum/app/webroot/index.php(118): Dispatcher->dispatch(Object(CakeRequest), Object(CakeResponse))
#1 {main}
2015-10-08 00:41:05 Error: Fatal Error (1): Unsupported operand types in [/var/www/cakephp/cake-forum/lib/Cake/View/Helper/FormHelper.php, line 1729]
2015-10-08 00:41:05 Error: [FatalErrorException] Unsupported operand types
Request URL: /cake-forum/users/login
Stack Trace:
#0 /var/www/cakephp/cake-forum/lib/Cake/Error/ErrorHandler.php(213): ErrorHandler::handleFatalError(1, 'Unsupported ope...', '/var/www/cakeph...', 1729)
#1 [internal function]: ErrorHandler::handleError(1, 'Unsupported ope...', '/var/www/cakeph...', 1729, Array)
#2 /var/www/cakephp/cake-forum/lib/Cake/Core/App.php(933): call_user_func('ErrorHandler::h...', 1, 'Unsupported ope...', '/var/www/cakeph...', 1729, Array)
#3 /var/www/cakephp/cake-forum/lib/Cake/Core/App.php(906): App::_checkFatalError()
#4 [internal function]: App::shutdown()
#5 {main}
2015-10-08 00:41:07 Error: [MissingControllerException] Controller class JsController could not be found.
Exception Attributes: array (
  'class' => 'JsController',
  'plugin' => NULL,
)
Request URL: /cake-forum/js/jquery-1.10.2.min.map
Stack Trace:
#0 /var/www/cakephp/cake-forum/app/webroot/index.php(118): Dispatcher->dispatch(Object(CakeRequest), Object(CakeResponse))
#1 {main}
2015-10-08 00:41:37 Error: [MissingControllerException] Controller class JsController could not be found.
Exception Attributes: array (
  'class' => 'JsController',
  'plugin' => NULL,
)
Request URL: /cake-forum/js/jquery-1.10.2.min.map
Stack Trace:
#0 /var/www/cakephp/cake-forum/app/webroot/index.php(118): Dispatcher->dispatch(Object(CakeRequest), Object(CakeResponse))
#1 {main}
2015-10-08 00:42:09 Error: Fatal Error (4): syntax error, unexpected '.' in [/var/www/cakephp/cake-forum/app/View/Users/login.ctp, line 58]
2015-10-08 00:42:09 Error: [FatalErrorException] syntax error, unexpected '.'
Request URL: /cake-forum/users/login
Stack Trace:
#0 /var/www/cakephp/cake-forum/lib/Cake/Error/ErrorHandler.php(213): ErrorHandler::handleFatalError(4, 'syntax error, u...', '/var/www/cakeph...', 58)
#1 [internal function]: ErrorHandler::handleError(4, 'syntax error, u...', '/var/www/cakeph...', 58, Array)
#2 /var/www/cakephp/cake-forum/lib/Cake/Core/App.php(933): call_user_func('ErrorHandler::h...', 4, 'syntax error, u...', '/var/www/cakeph...', 58, Array)
#3 /var/www/cakephp/cake-forum/lib/Cake/Core/App.php(906): App::_checkFatalError()
#4 [internal function]: App::shutdown()
#5 {main}
2015-10-08 00:42:11 Error: [MissingControllerException] Controller class JsController could not be found.
Exception Attributes: array (
  'class' => 'JsController',
  'plugin' => NULL,
)
Request URL: /cake-forum/js/jquery-1.10.2.min.map
Stack Trace:
#0 /var/www/cakephp/cake-forum/app/webroot/index.php(118): Dispatcher->dispatch(Object(CakeRequest), Object(CakeResponse))
#1 {main}
2015-10-08 00:42:25 Error: [MissingControllerException] Controller class JsController could not be found.
Exception Attributes: array (
  'class' => 'JsController',
  'plugin' => NULL,
)
Request URL: /cake-forum/js/jquery-1.10.2.min.map
Stack Trace:
#0 /var/www/cakephp/cake-forum/app/webroot/index.php(118): Dispatcher->dispatch(Object(CakeRequest), Object(CakeResponse))
#1 {main}
2015-10-08 00:42:58 Error: [MissingControllerException] Controller class JsController could not be found.
Exception Attributes: array (
  'class' => 'JsController',
  'plugin' => NULL,
)
Request URL: /cake-forum/js/jquery-1.10.2.min.map
Stack Trace:
#0 /var/www/cakephp/cake-forum/app/webroot/index.php(118): Dispatcher->dispatch(Object(CakeRequest), Object(CakeResponse))
#1 {main}
2015-10-08 00:43:05 Error: [MissingControllerException] Controller class JsController could not be found.
Exception Attributes: array (
  'class' => 'JsController',
  'plugin' => NULL,
)
Request URL: /cake-forum/js/jquery-1.10.2.min.map
Stack Trace:
#0 /var/www/cakephp/cake-forum/app/webroot/index.php(118): Dispatcher->dispatch(Object(CakeRequest), Object(CakeResponse))
#1 {main}
2015-10-08 00:43:18 Error: [MissingControllerException] Controller class JsController could not be found.
Exception Attributes: array (
  'class' => 'JsController',
  'plugin' => NULL,
)
Request URL: /cake-forum/js/jquery-1.10.2.min.map
Stack Trace:
#0 /var/www/cakephp/cake-forum/app/webroot/index.php(118): Dispatcher->dispatch(Object(CakeRequest), Object(CakeResponse))
#1 {main}
2015-10-08 00:43:30 Error: [MissingControllerException] Controller class JsController could not be found.
Exception Attributes: array (
  'class' => 'JsController',
  'plugin' => NULL,
)
Request URL: /cake-forum/js/jquery-1.10.2.min.map
Stack Trace:
#0 /var/www/cakephp/cake-forum/app/webroot/index.php(118): Dispatcher->dispatch(Object(CakeRequest), Object(CakeResponse))
#1 {main}
2015-10-08 00:43:39 Error: [MissingControllerException] Controller class JsController could not be found.
Exception Attributes: array (
  'class' => 'JsController',
  'plugin' => NULL,
)
Request URL: /cake-forum/js/jquery-1.10.2.min.map
Stack Trace:
#0 /var/www/cakephp/cake-forum/app/webroot/index.php(118): Dispatcher->dispatch(Object(CakeRequest), Object(CakeResponse))
#1 {main}
2015-10-08 00:44:08 Error: [MissingControllerException] Controller class JsController could not be found.
Exception Attributes: array (
  'class' => 'JsController',
  'plugin' => NULL,
)
Request URL: /cake-forum/js/jquery-1.10.2.min.map
Stack Trace:
#0 /var/www/cakephp/cake-forum/app/webroot/index.php(118): Dispatcher->dispatch(Object(CakeRequest), Object(CakeResponse))
#1 {main}
2015-10-08 00:45:03 Error: [MissingControllerException] Controller class JsController could not be found.
Exception Attributes: array (
  'class' => 'JsController',
  'plugin' => NULL,
)
Request URL: /cake-forum/js/jquery-1.10.2.min.map
Stack Trace:
#0 /var/www/cakephp/cake-forum/app/webroot/index.php(118): Dispatcher->dispatch(Object(CakeRequest), Object(CakeResponse))
#1 {main}
2015-10-08 00:45:07 Error: [MissingControllerException] Controller class JsController could not be found.
Exception Attributes: array (
  'class' => 'JsController',
  'plugin' => NULL,
)
Request URL: /cake-forum/js/jquery-1.10.2.min.map
Stack Trace:
#0 /var/www/cakephp/cake-forum/app/webroot/index.php(118): Dispatcher->dispatch(Object(CakeRequest), Object(CakeResponse))
#1 {main}
2015-10-08 00:50:37 Error: [MissingControllerException] Controller class JsController could not be found.
Exception Attributes: array (
  'class' => 'JsController',
  'plugin' => NULL,
)
Request URL: /cake-forum/js/jquery-1.10.2.min.map
Stack Trace:
#0 /var/www/cakephp/cake-forum/app/webroot/index.php(118): Dispatcher->dispatch(Object(CakeRequest), Object(CakeResponse))
#1 {main}
2015-10-08 00:50:49 Error: [MissingControllerException] Controller class JsController could not be found.
Exception Attributes: array (
  'class' => 'JsController',
  'plugin' => NULL,
)
Request URL: /cake-forum/js/jquery-1.10.2.min.map
Stack Trace:
#0 /var/www/cakephp/cake-forum/app/webroot/index.php(118): Dispatcher->dispatch(Object(CakeRequest), Object(CakeResponse))
#1 {main}
2015-10-08 00:52:33 Error: [MissingControllerException] Controller class JsController could not be found.
Exception Attributes: array (
  'class' => 'JsController',
  'plugin' => NULL,
)
Request URL: /cake-forum/js/jquery-1.10.2.min.map
Stack Trace:
#0 /var/www/cakephp/cake-forum/app/webroot/index.php(118): Dispatcher->dispatch(Object(CakeRequest), Object(CakeResponse))
#1 {main}
2015-10-08 00:52:54 Error: [MissingControllerException] Controller class JsController could not be found.
Exception Attributes: array (
  'class' => 'JsController',
  'plugin' => NULL,
)
Request URL: /cake-forum/js/jquery-1.10.2.min.map
Stack Trace:
#0 /var/www/cakephp/cake-forum/app/webroot/index.php(118): Dispatcher->dispatch(Object(CakeRequest), Object(CakeResponse))
#1 {main}
